<?xml version="1.0" encoding="UTF-8"?>
<robot generator="Robot 5.0.1 (Python 3.10.6 on win32)" generated="20220828 09:38:41.272" rpa="false" schemaversion="3">
<suite id="s1" name="Test" source="C:\Users\Administrator\Desktop\cibermen-test\form-automation\test.robot">
<test id="s1-t1" name="Basic interaction" line="10">
<kw name="Open Browser" library="QWeb">
<arg>https://scholarship.up.gov.in/</arg>
<arg>Chrome</arg>
<tag>Browser</tag>
<tag>Interaction</tag>
<doc>Open new browser to given url.</doc>
<msg timestamp="20220828 09:38:43.022" level="INFO">
QWeb version number: 2.0.3</msg>
<msg timestamp="20220828 09:38:44.501" level="INFO">Browser: chrome</msg>
<msg timestamp="20220828 09:38:44.502" level="INFO">Browser version: 104.0.5112.102</msg>
<msg timestamp="20220828 09:38:44.502" level="INFO">Chromedriver version: 104.0.5112.79 (3cf3e8c8a07d104b9e1260c910efb8f383285dc5-refs/branch-heads/5112@{#1307})</msg>
<status status="PASS" starttime="20220828 09:38:43.007" endtime="20220828 09:38:45.702"/>
</kw>
<kw name="Click Text" library="QWeb">
<arg>STUDENT</arg>
<arg>1s</arg>
<tag>Interaction</tag>
<tag>Text</tag>
<doc>Click text on web page.</doc>
<status status="PASS" starttime="20220828 09:38:45.702" endtime="20220828 09:38:45.803"/>
</kw>
<kw name="Click Item" library="QWeb">
<arg>Registration</arg>
<arg>Fresh Login</arg>
<arg>1s</arg>
<tag>Interaction</tag>
<tag>Item</tag>
<doc>Click item (usually icon or picture) on webpage.</doc>
<status status="PASS" starttime="20220828 09:38:45.804" endtime="20220828 09:38:46.163"/>
</kw>
<kw name="Click Text" library="QWeb">
<arg>Postmatric Other Than Intermediate (Fresh)</arg>
<arg>${category}</arg>
<tag>Interaction</tag>
<tag>Text</tag>
<doc>Click text on web page.</doc>
<status status="PASS" starttime="20220828 09:38:46.164" endtime="20220828 09:38:46.975"/>
</kw>
<kw name="Get Webelement" library="QWeb">
<var>${elem}</var>
<arg>जिला</arg>
<arg>element_type=dropdown</arg>
<tag>Getters</tag>
<doc>Get Webelement using any Qword -stylish locator.</doc>
<msg timestamp="20220828 09:38:47.175" level="INFO">${elem} = &lt;selenium.webdriver.support.select.Select object at 0x00000289CE5569B0&gt;</msg>
<status status="PASS" starttime="20220828 09:38:46.976" endtime="20220828 09:38:47.175"/>
</kw>
<kw name="Select From List By Label" library="SeleniumLibrary">
<arg>${elem}</arg>
<arg>MEERUT</arg>
<doc>Selects options from selection list ``locator`` by ``labels``.</doc>
<msg timestamp="20220828 09:38:47.176" level="INFO">Selecting options from selection list '&lt;selenium.webdriver.support.select.Select object at 0x00000289CE5569B0&gt;' by label MEERUT.</msg>
<msg timestamp="20220828 09:38:47.176" level="INFO">Cannot capture screenshot because no browser is open.</msg>
<msg timestamp="20220828 09:38:47.177" level="FAIL">TypeError: expected string or bytes-like object</msg>
<status status="FAIL" starttime="20220828 09:38:47.175" endtime="20220828 09:38:47.179"/>
</kw>
<status status="FAIL" starttime="20220828 09:38:43.007" endtime="20220828 09:38:47.180">TypeError: expected string or bytes-like object</status>
</test>
<status status="FAIL" starttime="20220828 09:38:41.272" endtime="20220828 09:38:47.182"/>
</suite>
<statistics>
<total>
<stat pass="0" fail="1" skip="0">All Tests</stat>
</total>
<tag>
</tag>
<suite>
<stat pass="0" fail="1" skip="0" id="s1" name="Test">Test</stat>
</suite>
</statistics>
<errors>
</errors>
</robot>
