<?xml version="1.0" encoding="UTF-8"?>
<robot generator="Robot 5.0.1 (Python 3.10.6 on win32)" generated="20220828 17:22:52.205" rpa="false" schemaversion="3">
<suite id="s1" name="Test" source="C:\Users\Administrator\Desktop\cibermen-test\form-automation\test.robot">
<test id="s1-t1" name="Basic interaction" line="20">
<kw name="Open Browser" library="QWeb">
<arg>https://scholarship.up.gov.in/</arg>
<arg>Chrome</arg>
<tag>Browser</tag>
<tag>Interaction</tag>
<doc>Open new browser to given url.</doc>
<msg timestamp="20220828 17:22:54.201" level="INFO">
QWeb version number: 2.0.3</msg>
<msg timestamp="20220828 17:22:55.842" level="INFO">Browser: chrome</msg>
<msg timestamp="20220828 17:22:55.843" level="INFO">Browser version: 104.0.5112.102</msg>
<msg timestamp="20220828 17:22:55.845" level="INFO">Chromedriver version: 104.0.5112.79 (3cf3e8c8a07d104b9e1260c910efb8f383285dc5-refs/branch-heads/5112@{#1307})</msg>
<status status="PASS" starttime="20220828 17:22:54.199" endtime="20220828 17:22:58.371"/>
</kw>
<kw name="Click Text" library="QWeb">
<arg>STUDENT</arg>
<arg>1s</arg>
<tag>Interaction</tag>
<tag>Text</tag>
<doc>Click text on web page.</doc>
<status status="PASS" starttime="20220828 17:22:58.372" endtime="20220828 17:22:58.488"/>
</kw>
<kw name="Click Item" library="QWeb">
<arg>Registration</arg>
<arg>Fresh Login</arg>
<arg>1s</arg>
<tag>Interaction</tag>
<tag>Item</tag>
<doc>Click item (usually icon or picture) on webpage.</doc>
<status status="PASS" starttime="20220828 17:22:58.489" endtime="20220828 17:22:58.878"/>
</kw>
<kw name="Click Text" library="QWeb">
<arg>${subcategory}</arg>
<arg>${category}</arg>
<tag>Interaction</tag>
<tag>Text</tag>
<doc>Click text on web page.</doc>
<status status="PASS" starttime="20220828 17:22:58.879" endtime="20220828 17:22:59.775"/>
</kw>
<kw name="Get Drop Down Values" library="QWeb">
<var>${districtOpt}</var>
<arg>जिला</arg>
<arg>element_type=dropdown</arg>
<tag>Dropdown</tag>
<tag>Getters</tag>
<doc>Return all options from a dropdown menu/list.</doc>
<msg timestamp="20220828 17:23:01.066" level="INFO">${districtOpt} = ['SELECT', 'AGRA', 'ALIGARH', 'PRAYAGRAJ', 'AMBEDKAR NGR.', 'AURAIYA', 'AZAMGARH', 'BAGHPAT', 'BAHRAICH', 'BALLIA', 'BALRAMPUR', 'BANDA', 'BARABANKI', 'BAREILLY', 'BASTI', 'BIJNOR', 'BUDAUN', 'BULANDS...</msg>
<status status="PASS" starttime="20220828 17:22:59.775" endtime="20220828 17:23:01.066"/>
</kw>
<for flavor="IN ENUMERATE">
<var>${indx}</var>
<var>${dis}</var>
<value>@{districtOpt}</value>
<iter>
<var name="${indx}">0</var>
<var name="${dis}">SELECT</var>
<if>
<branch type="IF" condition="&quot;${dis}&quot;==&quot;${district}&quot;">
<kw name="Set Variable" library="BuiltIn">
<var>${districtIndx}</var>
<arg>${indx}</arg>
<doc>Returns the given values which can then be assigned to a variables.</doc>
<status status="NOT RUN" starttime="20220828 17:23:01.068" endtime="20220828 17:23:01.068"/>
</kw>
<status status="NOT RUN" starttime="20220828 17:23:01.068" endtime="20220828 17:23:01.068"/>
</branch>
<status status="PASS" starttime="20220828 17:23:01.067" endtime="20220828 17:23:01.068"/>
</if>
<status status="PASS" starttime="20220828 17:23:01.067" endtime="20220828 17:23:01.068"/>
</iter>
<iter>
<var name="${indx}">1</var>
<var name="${dis}">AGRA</var>
<if>
<branch type="IF" condition="&quot;${dis}&quot;==&quot;${district}&quot;">
<kw name="Set Variable" library="BuiltIn">
<var>${districtIndx}</var>
<arg>${indx}</arg>
<doc>Returns the given values which can then be assigned to a variables.</doc>
<status status="NOT RUN" starttime="20220828 17:23:01.069" endtime="20220828 17:23:01.069"/>
</kw>
<status status="NOT RUN" starttime="20220828 17:23:01.069" endtime="20220828 17:23:01.069"/>
</branch>
<status status="PASS" starttime="20220828 17:23:01.069" endtime="20220828 17:23:01.069"/>
</if>
<status status="PASS" starttime="20220828 17:23:01.068" endtime="20220828 17:23:01.069"/>
</iter>
<iter>
<var name="${indx}">2</var>
<var name="${dis}">ALIGARH</var>
<if>
<branch type="IF" condition="&quot;${dis}&quot;==&quot;${district}&quot;">
<kw name="Set Variable" library="BuiltIn">
<var>${districtIndx}</var>
<arg>${indx}</arg>
<doc>Returns the given values which can then be assigned to a variables.</doc>
<status status="NOT RUN" starttime="20220828 17:23:01.070" endtime="20220828 17:23:01.070"/>
</kw>
<status status="NOT RUN" starttime="20220828 17:23:01.069" endtime="20220828 17:23:01.070"/>
</branch>
<status status="PASS" starttime="20220828 17:23:01.069" endtime="20220828 17:23:01.070"/>
</if>
<status status="PASS" starttime="20220828 17:23:01.069" endtime="20220828 17:23:01.070"/>
</iter>
<iter>
<var name="${indx}">3</var>
<var name="${dis}">PRAYAGRAJ</var>
<if>
<branch type="IF" condition="&quot;${dis}&quot;==&quot;${district}&quot;">
<kw name="Set Variable" library="BuiltIn">
<var>${districtIndx}</var>
<arg>${indx}</arg>
<doc>Returns the given values which can then be assigned to a variables.</doc>
<status status="NOT RUN" starttime="20220828 17:23:01.070" endtime="20220828 17:23:01.070"/>
</kw>
<status status="NOT RUN" starttime="20220828 17:23:01.070" endtime="20220828 17:23:01.070"/>
</branch>
<status status="PASS" starttime="20220828 17:23:01.070" endtime="20220828 17:23:01.071"/>
</if>
<status status="PASS" starttime="20220828 17:23:01.070" endtime="20220828 17:23:01.071"/>
</iter>
<iter>
<var name="${indx}">4</var>
<var name="${dis}">AMBEDKAR NGR.</var>
<if>
<branch type="IF" condition="&quot;${dis}&quot;==&quot;${district}&quot;">
<kw name="Set Variable" library="BuiltIn">
<var>${districtIndx}</var>
<arg>${indx}</arg>
<doc>Returns the given values which can then be assigned to a variables.</doc>
<status status="NOT RUN" starttime="20220828 17:23:01.071" endtime="20220828 17:23:01.071"/>
</kw>
<status status="NOT RUN" starttime="20220828 17:23:01.071" endtime="20220828 17:23:01.071"/>
</branch>
<status status="PASS" starttime="20220828 17:23:01.071" endtime="20220828 17:23:01.071"/>
</if>
<status status="PASS" starttime="20220828 17:23:01.071" endtime="20220828 17:23:01.071"/>
</iter>
<iter>
<var name="${indx}">5</var>
<var name="${dis}">AURAIYA</var>
<if>
<branch type="IF" condition="&quot;${dis}&quot;==&quot;${district}&quot;">
<kw name="Set Variable" library="BuiltIn">
<var>${districtIndx}</var>
<arg>${indx}</arg>
<doc>Returns the given values which can then be assigned to a variables.</doc>
<status status="NOT RUN" starttime="20220828 17:23:01.072" endtime="20220828 17:23:01.072"/>
</kw>
<status status="NOT RUN" starttime="20220828 17:23:01.072" endtime="20220828 17:23:01.072"/>
</branch>
<status status="PASS" starttime="20220828 17:23:01.071" endtime="20220828 17:23:01.072"/>
</if>
<status status="PASS" starttime="20220828 17:23:01.071" endtime="20220828 17:23:01.072"/>
</iter>
<iter>
<var name="${indx}">6</var>
<var name="${dis}">AZAMGARH</var>
<if>
<branch type="IF" condition="&quot;${dis}&quot;==&quot;${district}&quot;">
<kw name="Set Variable" library="BuiltIn">
<var>${districtIndx}</var>
<arg>${indx}</arg>
<doc>Returns the given values which can then be assigned to a variables.</doc>
<status status="NOT RUN" starttime="20220828 17:23:01.073" endtime="20220828 17:23:01.073"/>
</kw>
<status status="NOT RUN" starttime="20220828 17:23:01.072" endtime="20220828 17:23:01.073"/>
</branch>
<status status="PASS" starttime="20220828 17:23:01.072" endtime="20220828 17:23:01.073"/>
</if>
<status status="PASS" starttime="20220828 17:23:01.072" endtime="20220828 17:23:01.073"/>
</iter>
<iter>
<var name="${indx}">7</var>
<var name="${dis}">BAGHPAT</var>
<if>
<branch type="IF" condition="&quot;${dis}&quot;==&quot;${district}&quot;">
<kw name="Set Variable" library="BuiltIn">
<var>${districtIndx}</var>
<arg>${indx}</arg>
<doc>Returns the given values which can then be assigned to a variables.</doc>
<status status="NOT RUN" starttime="20220828 17:23:01.073" endtime="20220828 17:23:01.074"/>
</kw>
<status status="NOT RUN" starttime="20220828 17:23:01.073" endtime="20220828 17:23:01.074"/>
</branch>
<status status="PASS" starttime="20220828 17:23:01.073" endtime="20220828 17:23:01.074"/>
</if>
<status status="PASS" starttime="20220828 17:23:01.073" endtime="20220828 17:23:01.074"/>
</iter>
<iter>
<var name="${indx}">8</var>
<var name="${dis}">BAHRAICH</var>
<if>
<branch type="IF" condition="&quot;${dis}&quot;==&quot;${district}&quot;">
<kw name="Set Variable" library="BuiltIn">
<var>${districtIndx}</var>
<arg>${indx}</arg>
<doc>Returns the given values which can then be assigned to a variables.</doc>
<status status="NOT RUN" starttime="20220828 17:23:01.074" endtime="20220828 17:23:01.074"/>
</kw>
<status status="NOT RUN" starttime="20220828 17:23:01.074" endtime="20220828 17:23:01.074"/>
</branch>
<status status="PASS" starttime="20220828 17:23:01.074" endtime="20220828 17:23:01.074"/>
</if>
<status status="PASS" starttime="20220828 17:23:01.074" endtime="20220828 17:23:01.074"/>
</iter>
<iter>
<var name="${indx}">9</var>
<var name="${dis}">BALLIA</var>
<if>
<branch type="IF" condition="&quot;${dis}&quot;==&quot;${district}&quot;">
<kw name="Set Variable" library="BuiltIn">
<var>${districtIndx}</var>
<arg>${indx}</arg>
<doc>Returns the given values which can then be assigned to a variables.</doc>
<status status="NOT RUN" starttime="20220828 17:23:01.075" endtime="20220828 17:23:01.075"/>
</kw>
<status status="NOT RUN" starttime="20220828 17:23:01.075" endtime="20220828 17:23:01.075"/>
</branch>
<status status="PASS" starttime="20220828 17:23:01.075" endtime="20220828 17:23:01.075"/>
</if>
<status status="PASS" starttime="20220828 17:23:01.075" endtime="20220828 17:23:01.075"/>
</iter>
<iter>
<var name="${indx}">10</var>
<var name="${dis}">BALRAMPUR</var>
<if>
<branch type="IF" condition="&quot;${dis}&quot;==&quot;${district}&quot;">
<kw name="Set Variable" library="BuiltIn">
<var>${districtIndx}</var>
<arg>${indx}</arg>
<doc>Returns the given values which can then be assigned to a variables.</doc>
<status status="NOT RUN" starttime="20220828 17:23:01.076" endtime="20220828 17:23:01.076"/>
</kw>
<status status="NOT RUN" starttime="20220828 17:23:01.076" endtime="20220828 17:23:01.076"/>
</branch>
<status status="PASS" starttime="20220828 17:23:01.075" endtime="20220828 17:23:01.076"/>
</if>
<status status="PASS" starttime="20220828 17:23:01.075" endtime="20220828 17:23:01.076"/>
</iter>
<iter>
<var name="${indx}">11</var>
<var name="${dis}">BANDA</var>
<if>
<branch type="IF" condition="&quot;${dis}&quot;==&quot;${district}&quot;">
<kw name="Set Variable" library="BuiltIn">
<var>${districtIndx}</var>
<arg>${indx}</arg>
<doc>Returns the given values which can then be assigned to a variables.</doc>
<status status="NOT RUN" starttime="20220828 17:23:01.076" endtime="20220828 17:23:01.076"/>
</kw>
<status status="NOT RUN" starttime="20220828 17:23:01.076" endtime="20220828 17:23:01.076"/>
</branch>
<status status="PASS" starttime="20220828 17:23:01.076" endtime="20220828 17:23:01.077"/>
</if>
<status status="PASS" starttime="20220828 17:23:01.076" endtime="20220828 17:23:01.077"/>
</iter>
<iter>
<var name="${indx}">12</var>
<var name="${dis}">BARABANKI</var>
<if>
<branch type="IF" condition="&quot;${dis}&quot;==&quot;${district}&quot;">
<kw name="Set Variable" library="BuiltIn">
<var>${districtIndx}</var>
<arg>${indx}</arg>
<doc>Returns the given values which can then be assigned to a variables.</doc>
<status status="NOT RUN" starttime="20220828 17:23:01.077" endtime="20220828 17:23:01.077"/>
</kw>
<status status="NOT RUN" starttime="20220828 17:23:01.077" endtime="20220828 17:23:01.077"/>
</branch>
<status status="PASS" starttime="20220828 17:23:01.077" endtime="20220828 17:23:01.077"/>
</if>
<status status="PASS" starttime="20220828 17:23:01.077" endtime="20220828 17:23:01.077"/>
</iter>
<iter>
<var name="${indx}">13</var>
<var name="${dis}">BAREILLY</var>
<if>
<branch type="IF" condition="&quot;${dis}&quot;==&quot;${district}&quot;">
<kw name="Set Variable" library="BuiltIn">
<var>${districtIndx}</var>
<arg>${indx}</arg>
<doc>Returns the given values which can then be assigned to a variables.</doc>
<status status="NOT RUN" starttime="20220828 17:23:01.078" endtime="20220828 17:23:01.078"/>
</kw>
<status status="NOT RUN" starttime="20220828 17:23:01.078" endtime="20220828 17:23:01.078"/>
</branch>
<status status="PASS" starttime="20220828 17:23:01.077" endtime="20220828 17:23:01.078"/>
</if>
<status status="PASS" starttime="20220828 17:23:01.077" endtime="20220828 17:23:01.078"/>
</iter>
<iter>
<var name="${indx}">14</var>
<var name="${dis}">BASTI</var>
<if>
<branch type="IF" condition="&quot;${dis}&quot;==&quot;${district}&quot;">
<kw name="Set Variable" library="BuiltIn">
<var>${districtIndx}</var>
<arg>${indx}</arg>
<doc>Returns the given values which can then be assigned to a variables.</doc>
<status status="NOT RUN" starttime="20220828 17:23:01.079" endtime="20220828 17:23:01.079"/>
</kw>
<status status="NOT RUN" starttime="20220828 17:23:01.078" endtime="20220828 17:23:01.079"/>
</branch>
<status status="PASS" starttime="20220828 17:23:01.078" endtime="20220828 17:23:01.079"/>
</if>
<status status="PASS" starttime="20220828 17:23:01.078" endtime="20220828 17:23:01.079"/>
</iter>
<iter>
<var name="${indx}">15</var>
<var name="${dis}">BIJNOR</var>
<if>
<branch type="IF" condition="&quot;${dis}&quot;==&quot;${district}&quot;">
<kw name="Set Variable" library="BuiltIn">
<var>${districtIndx}</var>
<arg>${indx}</arg>
<doc>Returns the given values which can then be assigned to a variables.</doc>
<status status="NOT RUN" starttime="20220828 17:23:01.079" endtime="20220828 17:23:01.079"/>
</kw>
<status status="NOT RUN" starttime="20220828 17:23:01.079" endtime="20220828 17:23:01.079"/>
</branch>
<status status="PASS" starttime="20220828 17:23:01.079" endtime="20220828 17:23:01.079"/>
</if>
<status status="PASS" starttime="20220828 17:23:01.079" endtime="20220828 17:23:01.079"/>
</iter>
<iter>
<var name="${indx}">16</var>
<var name="${dis}">BUDAUN</var>
<if>
<branch type="IF" condition="&quot;${dis}&quot;==&quot;${district}&quot;">
<kw name="Set Variable" library="BuiltIn">
<var>${districtIndx}</var>
<arg>${indx}</arg>
<doc>Returns the given values which can then be assigned to a variables.</doc>
<status status="NOT RUN" starttime="20220828 17:23:01.080" endtime="20220828 17:23:01.080"/>
</kw>
<status status="NOT RUN" starttime="20220828 17:23:01.080" endtime="20220828 17:23:01.080"/>
</branch>
<status status="PASS" starttime="20220828 17:23:01.080" endtime="20220828 17:23:01.080"/>
</if>
<status status="PASS" starttime="20220828 17:23:01.080" endtime="20220828 17:23:01.080"/>
</iter>
<iter>
<var name="${indx}">17</var>
<var name="${dis}">BULANDSHAHR</var>
<if>
<branch type="IF" condition="&quot;${dis}&quot;==&quot;${district}&quot;">
<kw name="Set Variable" library="BuiltIn">
<var>${districtIndx}</var>
<arg>${indx}</arg>
<doc>Returns the given values which can then be assigned to a variables.</doc>
<status status="NOT RUN" starttime="20220828 17:23:01.081" endtime="20220828 17:23:01.081"/>
</kw>
<status status="NOT RUN" starttime="20220828 17:23:01.081" endtime="20220828 17:23:01.081"/>
</branch>
<status status="PASS" starttime="20220828 17:23:01.080" endtime="20220828 17:23:01.081"/>
</if>
<status status="PASS" starttime="20220828 17:23:01.080" endtime="20220828 17:23:01.081"/>
</iter>
<iter>
<var name="${indx}">18</var>
<var name="${dis}">CHANDAULI</var>
<if>
<branch type="IF" condition="&quot;${dis}&quot;==&quot;${district}&quot;">
<kw name="Set Variable" library="BuiltIn">
<var>${districtIndx}</var>
<arg>${indx}</arg>
<doc>Returns the given values which can then be assigned to a variables.</doc>
<status status="NOT RUN" starttime="20220828 17:23:01.081" endtime="20220828 17:23:01.081"/>
</kw>
<status status="NOT RUN" starttime="20220828 17:23:01.081" endtime="20220828 17:23:01.081"/>
</branch>
<status status="PASS" starttime="20220828 17:23:01.081" endtime="20220828 17:23:01.082"/>
</if>
<status status="PASS" starttime="20220828 17:23:01.081" endtime="20220828 17:23:01.082"/>
</iter>
<iter>
<var name="${indx}">19</var>
<var name="${dis}">CHITRAKOOT</var>
<if>
<branch type="IF" condition="&quot;${dis}&quot;==&quot;${district}&quot;">
<kw name="Set Variable" library="BuiltIn">
<var>${districtIndx}</var>
<arg>${indx}</arg>
<doc>Returns the given values which can then be assigned to a variables.</doc>
<status status="NOT RUN" starttime="20220828 17:23:01.082" endtime="20220828 17:23:01.082"/>
</kw>
<status status="NOT RUN" starttime="20220828 17:23:01.082" endtime="20220828 17:23:01.082"/>
</branch>
<status status="PASS" starttime="20220828 17:23:01.082" endtime="20220828 17:23:01.082"/>
</if>
<status status="PASS" starttime="20220828 17:23:01.082" endtime="20220828 17:23:01.082"/>
</iter>
<iter>
<var name="${indx}">20</var>
<var name="${dis}">CSM NAGAR</var>
<if>
<branch type="IF" condition="&quot;${dis}&quot;==&quot;${district}&quot;">
<kw name="Set Variable" library="BuiltIn">
<var>${districtIndx}</var>
<arg>${indx}</arg>
<doc>Returns the given values which can then be assigned to a variables.</doc>
<status status="NOT RUN" starttime="20220828 17:23:01.083" endtime="20220828 17:23:01.083"/>
</kw>
<status status="NOT RUN" starttime="20220828 17:23:01.083" endtime="20220828 17:23:01.083"/>
</branch>
<status status="PASS" starttime="20220828 17:23:01.083" endtime="20220828 17:23:01.083"/>
</if>
<status status="PASS" starttime="20220828 17:23:01.083" endtime="20220828 17:23:01.083"/>
</iter>
<iter>
<var name="${indx}">21</var>
<var name="${dis}">DEORIA</var>
<if>
<branch type="IF" condition="&quot;${dis}&quot;==&quot;${district}&quot;">
<kw name="Set Variable" library="BuiltIn">
<var>${districtIndx}</var>
<arg>${indx}</arg>
<doc>Returns the given values which can then be assigned to a variables.</doc>
<status status="NOT RUN" starttime="20220828 17:23:01.084" endtime="20220828 17:23:01.084"/>
</kw>
<status status="NOT RUN" starttime="20220828 17:23:01.084" endtime="20220828 17:23:01.084"/>
</branch>
<status status="PASS" starttime="20220828 17:23:01.083" endtime="20220828 17:23:01.084"/>
</if>
<status status="PASS" starttime="20220828 17:23:01.083" endtime="20220828 17:23:01.084"/>
</iter>
<iter>
<var name="${indx}">22</var>
<var name="${dis}">ETAH</var>
<if>
<branch type="IF" condition="&quot;${dis}&quot;==&quot;${district}&quot;">
<kw name="Set Variable" library="BuiltIn">
<var>${districtIndx}</var>
<arg>${indx}</arg>
<doc>Returns the given values which can then be assigned to a variables.</doc>
<status status="NOT RUN" starttime="20220828 17:23:01.084" endtime="20220828 17:23:01.085"/>
</kw>
<status status="NOT RUN" starttime="20220828 17:23:01.084" endtime="20220828 17:23:01.085"/>
</branch>
<status status="PASS" starttime="20220828 17:23:01.084" endtime="20220828 17:23:01.085"/>
</if>
<status status="PASS" starttime="20220828 17:23:01.084" endtime="20220828 17:23:01.085"/>
</iter>
<iter>
<var name="${indx}">23</var>
<var name="${dis}">ETAWAH</var>
<if>
<branch type="IF" condition="&quot;${dis}&quot;==&quot;${district}&quot;">
<kw name="Set Variable" library="BuiltIn">
<var>${districtIndx}</var>
<arg>${indx}</arg>
<doc>Returns the given values which can then be assigned to a variables.</doc>
<status status="NOT RUN" starttime="20220828 17:23:01.085" endtime="20220828 17:23:01.085"/>
</kw>
<status status="NOT RUN" starttime="20220828 17:23:01.085" endtime="20220828 17:23:01.085"/>
</branch>
<status status="PASS" starttime="20220828 17:23:01.085" endtime="20220828 17:23:01.086"/>
</if>
<status status="PASS" starttime="20220828 17:23:01.085" endtime="20220828 17:23:01.086"/>
</iter>
<iter>
<var name="${indx}">24</var>
<var name="${dis}">AYODHYA</var>
<if>
<branch type="IF" condition="&quot;${dis}&quot;==&quot;${district}&quot;">
<kw name="Set Variable" library="BuiltIn">
<var>${districtIndx}</var>
<arg>${indx}</arg>
<doc>Returns the given values which can then be assigned to a variables.</doc>
<status status="NOT RUN" starttime="20220828 17:23:01.086" endtime="20220828 17:23:01.086"/>
</kw>
<status status="NOT RUN" starttime="20220828 17:23:01.086" endtime="20220828 17:23:01.086"/>
</branch>
<status status="PASS" starttime="20220828 17:23:01.086" endtime="20220828 17:23:01.086"/>
</if>
<status status="PASS" starttime="20220828 17:23:01.086" endtime="20220828 17:23:01.086"/>
</iter>
<iter>
<var name="${indx}">25</var>
<var name="${dis}">FARRUKHABAD</var>
<if>
<branch type="IF" condition="&quot;${dis}&quot;==&quot;${district}&quot;">
<kw name="Set Variable" library="BuiltIn">
<var>${districtIndx}</var>
<arg>${indx}</arg>
<doc>Returns the given values which can then be assigned to a variables.</doc>
<status status="NOT RUN" starttime="20220828 17:23:01.087" endtime="20220828 17:23:01.087"/>
</kw>
<status status="NOT RUN" starttime="20220828 17:23:01.087" endtime="20220828 17:23:01.087"/>
</branch>
<status status="PASS" starttime="20220828 17:23:01.087" endtime="20220828 17:23:01.087"/>
</if>
<status status="PASS" starttime="20220828 17:23:01.086" endtime="20220828 17:23:01.087"/>
</iter>
<iter>
<var name="${indx}">26</var>
<var name="${dis}">FATEHPUR</var>
<if>
<branch type="IF" condition="&quot;${dis}&quot;==&quot;${district}&quot;">
<kw name="Set Variable" library="BuiltIn">
<var>${districtIndx}</var>
<arg>${indx}</arg>
<doc>Returns the given values which can then be assigned to a variables.</doc>
<status status="NOT RUN" starttime="20220828 17:23:01.088" endtime="20220828 17:23:01.088"/>
</kw>
<status status="NOT RUN" starttime="20220828 17:23:01.087" endtime="20220828 17:23:01.088"/>
</branch>
<status status="PASS" starttime="20220828 17:23:01.087" endtime="20220828 17:23:01.088"/>
</if>
<status status="PASS" starttime="20220828 17:23:01.087" endtime="20220828 17:23:01.088"/>
</iter>
<iter>
<var name="${indx}">27</var>
<var name="${dis}">FIROZABAD</var>
<if>
<branch type="IF" condition="&quot;${dis}&quot;==&quot;${district}&quot;">
<kw name="Set Variable" library="BuiltIn">
<var>${districtIndx}</var>
<arg>${indx}</arg>
<doc>Returns the given values which can then be assigned to a variables.</doc>
<status status="NOT RUN" starttime="20220828 17:23:01.088" endtime="20220828 17:23:01.088"/>
</kw>
<status status="NOT RUN" starttime="20220828 17:23:01.088" endtime="20220828 17:23:01.088"/>
</branch>
<status status="PASS" starttime="20220828 17:23:01.088" endtime="20220828 17:23:01.088"/>
</if>
<status status="PASS" starttime="20220828 17:23:01.088" endtime="20220828 17:23:01.088"/>
</iter>
<iter>
<var name="${indx}">28</var>
<var name="${dis}">GB NAGAR</var>
<if>
<branch type="IF" condition="&quot;${dis}&quot;==&quot;${district}&quot;">
<kw name="Set Variable" library="BuiltIn">
<var>${districtIndx}</var>
<arg>${indx}</arg>
<doc>Returns the given values which can then be assigned to a variables.</doc>
<status status="NOT RUN" starttime="20220828 17:23:01.089" endtime="20220828 17:23:01.089"/>
</kw>
<status status="NOT RUN" starttime="20220828 17:23:01.089" endtime="20220828 17:23:01.089"/>
</branch>
<status status="PASS" starttime="20220828 17:23:01.089" endtime="20220828 17:23:01.089"/>
</if>
<status status="PASS" starttime="20220828 17:23:01.089" endtime="20220828 17:23:01.089"/>
</iter>
<iter>
<var name="${indx}">29</var>
<var name="${dis}">GHAZIABAD</var>
<if>
<branch type="IF" condition="&quot;${dis}&quot;==&quot;${district}&quot;">
<kw name="Set Variable" library="BuiltIn">
<var>${districtIndx}</var>
<arg>${indx}</arg>
<doc>Returns the given values which can then be assigned to a variables.</doc>
<status status="NOT RUN" starttime="20220828 17:23:01.090" endtime="20220828 17:23:01.090"/>
</kw>
<status status="NOT RUN" starttime="20220828 17:23:01.090" endtime="20220828 17:23:01.090"/>
</branch>
<status status="PASS" starttime="20220828 17:23:01.090" endtime="20220828 17:23:01.090"/>
</if>
<status status="PASS" starttime="20220828 17:23:01.089" endtime="20220828 17:23:01.090"/>
</iter>
<iter>
<var name="${indx}">30</var>
<var name="${dis}">GHAZIPUR</var>
<if>
<branch type="IF" condition="&quot;${dis}&quot;==&quot;${district}&quot;">
<kw name="Set Variable" library="BuiltIn">
<var>${districtIndx}</var>
<arg>${indx}</arg>
<doc>Returns the given values which can then be assigned to a variables.</doc>
<status status="NOT RUN" starttime="20220828 17:23:01.091" endtime="20220828 17:23:01.091"/>
</kw>
<status status="NOT RUN" starttime="20220828 17:23:01.091" endtime="20220828 17:23:01.091"/>
</branch>
<status status="PASS" starttime="20220828 17:23:01.090" endtime="20220828 17:23:01.091"/>
</if>
<status status="PASS" starttime="20220828 17:23:01.090" endtime="20220828 17:23:01.091"/>
</iter>
<iter>
<var name="${indx}">31</var>
<var name="${dis}">GONDA</var>
<if>
<branch type="IF" condition="&quot;${dis}&quot;==&quot;${district}&quot;">
<kw name="Set Variable" library="BuiltIn">
<var>${districtIndx}</var>
<arg>${indx}</arg>
<doc>Returns the given values which can then be assigned to a variables.</doc>
<status status="NOT RUN" starttime="20220828 17:23:01.092" endtime="20220828 17:23:01.092"/>
</kw>
<status status="NOT RUN" starttime="20220828 17:23:01.092" endtime="20220828 17:23:01.092"/>
</branch>
<status status="PASS" starttime="20220828 17:23:01.091" endtime="20220828 17:23:01.092"/>
</if>
<status status="PASS" starttime="20220828 17:23:01.091" endtime="20220828 17:23:01.092"/>
</iter>
<iter>
<var name="${indx}">32</var>
<var name="${dis}">GORAKHPUR</var>
<if>
<branch type="IF" condition="&quot;${dis}&quot;==&quot;${district}&quot;">
<kw name="Set Variable" library="BuiltIn">
<var>${districtIndx}</var>
<arg>${indx}</arg>
<doc>Returns the given values which can then be assigned to a variables.</doc>
<status status="NOT RUN" starttime="20220828 17:23:01.092" endtime="20220828 17:23:01.092"/>
</kw>
<status status="NOT RUN" starttime="20220828 17:23:01.092" endtime="20220828 17:23:01.092"/>
</branch>
<status status="PASS" starttime="20220828 17:23:01.092" endtime="20220828 17:23:01.093"/>
</if>
<status status="PASS" starttime="20220828 17:23:01.092" endtime="20220828 17:23:01.093"/>
</iter>
<iter>
<var name="${indx}">33</var>
<var name="${dis}">HAMIRPUR</var>
<if>
<branch type="IF" condition="&quot;${dis}&quot;==&quot;${district}&quot;">
<kw name="Set Variable" library="BuiltIn">
<var>${districtIndx}</var>
<arg>${indx}</arg>
<doc>Returns the given values which can then be assigned to a variables.</doc>
<status status="NOT RUN" starttime="20220828 17:23:01.093" endtime="20220828 17:23:01.093"/>
</kw>
<status status="NOT RUN" starttime="20220828 17:23:01.093" endtime="20220828 17:23:01.093"/>
</branch>
<status status="PASS" starttime="20220828 17:23:01.093" endtime="20220828 17:23:01.093"/>
</if>
<status status="PASS" starttime="20220828 17:23:01.093" endtime="20220828 17:23:01.093"/>
</iter>
<iter>
<var name="${indx}">34</var>
<var name="${dis}">HAPUR</var>
<if>
<branch type="IF" condition="&quot;${dis}&quot;==&quot;${district}&quot;">
<kw name="Set Variable" library="BuiltIn">
<var>${districtIndx}</var>
<arg>${indx}</arg>
<doc>Returns the given values which can then be assigned to a variables.</doc>
<status status="NOT RUN" starttime="20220828 17:23:01.094" endtime="20220828 17:23:01.094"/>
</kw>
<status status="NOT RUN" starttime="20220828 17:23:01.094" endtime="20220828 17:23:01.094"/>
</branch>
<status status="PASS" starttime="20220828 17:23:01.093" endtime="20220828 17:23:01.094"/>
</if>
<status status="PASS" starttime="20220828 17:23:01.093" endtime="20220828 17:23:01.094"/>
</iter>
<iter>
<var name="${indx}">35</var>
<var name="${dis}">HARDOI</var>
<if>
<branch type="IF" condition="&quot;${dis}&quot;==&quot;${district}&quot;">
<kw name="Set Variable" library="BuiltIn">
<var>${districtIndx}</var>
<arg>${indx}</arg>
<doc>Returns the given values which can then be assigned to a variables.</doc>
<status status="NOT RUN" starttime="20220828 17:23:01.094" endtime="20220828 17:23:01.095"/>
</kw>
<status status="NOT RUN" starttime="20220828 17:23:01.094" endtime="20220828 17:23:01.095"/>
</branch>
<status status="PASS" starttime="20220828 17:23:01.094" endtime="20220828 17:23:01.095"/>
</if>
<status status="PASS" starttime="20220828 17:23:01.094" endtime="20220828 17:23:01.095"/>
</iter>
<iter>
<var name="${indx}">36</var>
<var name="${dis}">HATHRAS</var>
<if>
<branch type="IF" condition="&quot;${dis}&quot;==&quot;${district}&quot;">
<kw name="Set Variable" library="BuiltIn">
<var>${districtIndx}</var>
<arg>${indx}</arg>
<doc>Returns the given values which can then be assigned to a variables.</doc>
<status status="NOT RUN" starttime="20220828 17:23:01.095" endtime="20220828 17:23:01.095"/>
</kw>
<status status="NOT RUN" starttime="20220828 17:23:01.095" endtime="20220828 17:23:01.095"/>
</branch>
<status status="PASS" starttime="20220828 17:23:01.095" endtime="20220828 17:23:01.096"/>
</if>
<status status="PASS" starttime="20220828 17:23:01.095" endtime="20220828 17:23:01.096"/>
</iter>
<iter>
<var name="${indx}">37</var>
<var name="${dis}">JALAUN</var>
<if>
<branch type="IF" condition="&quot;${dis}&quot;==&quot;${district}&quot;">
<kw name="Set Variable" library="BuiltIn">
<var>${districtIndx}</var>
<arg>${indx}</arg>
<doc>Returns the given values which can then be assigned to a variables.</doc>
<status status="NOT RUN" starttime="20220828 17:23:01.096" endtime="20220828 17:23:01.096"/>
</kw>
<status status="NOT RUN" starttime="20220828 17:23:01.096" endtime="20220828 17:23:01.096"/>
</branch>
<status status="PASS" starttime="20220828 17:23:01.096" endtime="20220828 17:23:01.096"/>
</if>
<status status="PASS" starttime="20220828 17:23:01.096" endtime="20220828 17:23:01.096"/>
</iter>
<iter>
<var name="${indx}">38</var>
<var name="${dis}">JAUNPUR</var>
<if>
<branch type="IF" condition="&quot;${dis}&quot;==&quot;${district}&quot;">
<kw name="Set Variable" library="BuiltIn">
<var>${districtIndx}</var>
<arg>${indx}</arg>
<doc>Returns the given values which can then be assigned to a variables.</doc>
<status status="NOT RUN" starttime="20220828 17:23:01.097" endtime="20220828 17:23:01.097"/>
</kw>
<status status="NOT RUN" starttime="20220828 17:23:01.097" endtime="20220828 17:23:01.097"/>
</branch>
<status status="PASS" starttime="20220828 17:23:01.096" endtime="20220828 17:23:01.097"/>
</if>
<status status="PASS" starttime="20220828 17:23:01.096" endtime="20220828 17:23:01.097"/>
</iter>
<iter>
<var name="${indx}">39</var>
<var name="${dis}">JHANSI</var>
<if>
<branch type="IF" condition="&quot;${dis}&quot;==&quot;${district}&quot;">
<kw name="Set Variable" library="BuiltIn">
<var>${districtIndx}</var>
<arg>${indx}</arg>
<doc>Returns the given values which can then be assigned to a variables.</doc>
<status status="NOT RUN" starttime="20220828 17:23:01.098" endtime="20220828 17:23:01.098"/>
</kw>
<status status="NOT RUN" starttime="20220828 17:23:01.097" endtime="20220828 17:23:01.098"/>
</branch>
<status status="PASS" starttime="20220828 17:23:01.097" endtime="20220828 17:23:01.098"/>
</if>
<status status="PASS" starttime="20220828 17:23:01.097" endtime="20220828 17:23:01.098"/>
</iter>
<iter>
<var name="${indx}">40</var>
<var name="${dis}">JP NAGAR</var>
<if>
<branch type="IF" condition="&quot;${dis}&quot;==&quot;${district}&quot;">
<kw name="Set Variable" library="BuiltIn">
<var>${districtIndx}</var>
<arg>${indx}</arg>
<doc>Returns the given values which can then be assigned to a variables.</doc>
<status status="NOT RUN" starttime="20220828 17:23:01.099" endtime="20220828 17:23:01.099"/>
</kw>
<status status="NOT RUN" starttime="20220828 17:23:01.098" endtime="20220828 17:23:01.099"/>
</branch>
<status status="PASS" starttime="20220828 17:23:01.098" endtime="20220828 17:23:01.099"/>
</if>
<status status="PASS" starttime="20220828 17:23:01.098" endtime="20220828 17:23:01.099"/>
</iter>
<iter>
<var name="${indx}">41</var>
<var name="${dis}">KANNAUJ</var>
<if>
<branch type="IF" condition="&quot;${dis}&quot;==&quot;${district}&quot;">
<kw name="Set Variable" library="BuiltIn">
<var>${districtIndx}</var>
<arg>${indx}</arg>
<doc>Returns the given values which can then be assigned to a variables.</doc>
<status status="NOT RUN" starttime="20220828 17:23:01.099" endtime="20220828 17:23:01.099"/>
</kw>
<status status="NOT RUN" starttime="20220828 17:23:01.099" endtime="20220828 17:23:01.099"/>
</branch>
<status status="PASS" starttime="20220828 17:23:01.099" endtime="20220828 17:23:01.100"/>
</if>
<status status="PASS" starttime="20220828 17:23:01.099" endtime="20220828 17:23:01.100"/>
</iter>
<iter>
<var name="${indx}">42</var>
<var name="${dis}">KANPUR DEHAT</var>
<if>
<branch type="IF" condition="&quot;${dis}&quot;==&quot;${district}&quot;">
<kw name="Set Variable" library="BuiltIn">
<var>${districtIndx}</var>
<arg>${indx}</arg>
<doc>Returns the given values which can then be assigned to a variables.</doc>
<status status="NOT RUN" starttime="20220828 17:23:01.100" endtime="20220828 17:23:01.100"/>
</kw>
<status status="NOT RUN" starttime="20220828 17:23:01.100" endtime="20220828 17:23:01.100"/>
</branch>
<status status="PASS" starttime="20220828 17:23:01.100" endtime="20220828 17:23:01.100"/>
</if>
<status status="PASS" starttime="20220828 17:23:01.100" endtime="20220828 17:23:01.100"/>
</iter>
<iter>
<var name="${indx}">43</var>
<var name="${dis}">KANPUR NAGAR</var>
<if>
<branch type="IF" condition="&quot;${dis}&quot;==&quot;${district}&quot;">
<kw name="Set Variable" library="BuiltIn">
<var>${districtIndx}</var>
<arg>${indx}</arg>
<doc>Returns the given values which can then be assigned to a variables.</doc>
<status status="NOT RUN" starttime="20220828 17:23:01.101" endtime="20220828 17:23:01.101"/>
</kw>
<status status="NOT RUN" starttime="20220828 17:23:01.101" endtime="20220828 17:23:01.101"/>
</branch>
<status status="PASS" starttime="20220828 17:23:01.101" endtime="20220828 17:23:01.101"/>
</if>
<status status="PASS" starttime="20220828 17:23:01.100" endtime="20220828 17:23:01.101"/>
</iter>
<iter>
<var name="${indx}">44</var>
<var name="${dis}">KANSHIRAM NAGAR</var>
<if>
<branch type="IF" condition="&quot;${dis}&quot;==&quot;${district}&quot;">
<kw name="Set Variable" library="BuiltIn">
<var>${districtIndx}</var>
<arg>${indx}</arg>
<doc>Returns the given values which can then be assigned to a variables.</doc>
<status status="NOT RUN" starttime="20220828 17:23:01.102" endtime="20220828 17:23:01.102"/>
</kw>
<status status="NOT RUN" starttime="20220828 17:23:01.101" endtime="20220828 17:23:01.102"/>
</branch>
<status status="PASS" starttime="20220828 17:23:01.101" endtime="20220828 17:23:01.102"/>
</if>
<status status="PASS" starttime="20220828 17:23:01.101" endtime="20220828 17:23:01.102"/>
</iter>
<iter>
<var name="${indx}">45</var>
<var name="${dis}">KAUSHAMBI</var>
<if>
<branch type="IF" condition="&quot;${dis}&quot;==&quot;${district}&quot;">
<kw name="Set Variable" library="BuiltIn">
<var>${districtIndx}</var>
<arg>${indx}</arg>
<doc>Returns the given values which can then be assigned to a variables.</doc>
<status status="NOT RUN" starttime="20220828 17:23:01.102" endtime="20220828 17:23:01.102"/>
</kw>
<status status="NOT RUN" starttime="20220828 17:23:01.102" endtime="20220828 17:23:01.102"/>
</branch>
<status status="PASS" starttime="20220828 17:23:01.102" endtime="20220828 17:23:01.102"/>
</if>
<status status="PASS" starttime="20220828 17:23:01.102" endtime="20220828 17:23:01.102"/>
</iter>
<iter>
<var name="${indx}">46</var>
<var name="${dis}">KHERI</var>
<if>
<branch type="IF" condition="&quot;${dis}&quot;==&quot;${district}&quot;">
<kw name="Set Variable" library="BuiltIn">
<var>${districtIndx}</var>
<arg>${indx}</arg>
<doc>Returns the given values which can then be assigned to a variables.</doc>
<status status="NOT RUN" starttime="20220828 17:23:01.103" endtime="20220828 17:23:01.103"/>
</kw>
<status status="NOT RUN" starttime="20220828 17:23:01.103" endtime="20220828 17:23:01.103"/>
</branch>
<status status="PASS" starttime="20220828 17:23:01.103" endtime="20220828 17:23:01.103"/>
</if>
<status status="PASS" starttime="20220828 17:23:01.103" endtime="20220828 17:23:01.103"/>
</iter>
<iter>
<var name="${indx}">47</var>
<var name="${dis}">KUSHINAGAR</var>
<if>
<branch type="IF" condition="&quot;${dis}&quot;==&quot;${district}&quot;">
<kw name="Set Variable" library="BuiltIn">
<var>${districtIndx}</var>
<arg>${indx}</arg>
<doc>Returns the given values which can then be assigned to a variables.</doc>
<status status="NOT RUN" starttime="20220828 17:23:01.104" endtime="20220828 17:23:01.104"/>
</kw>
<status status="NOT RUN" starttime="20220828 17:23:01.104" endtime="20220828 17:23:01.104"/>
</branch>
<status status="PASS" starttime="20220828 17:23:01.103" endtime="20220828 17:23:01.104"/>
</if>
<status status="PASS" starttime="20220828 17:23:01.103" endtime="20220828 17:23:01.104"/>
</iter>
<iter>
<var name="${indx}">48</var>
<var name="${dis}">LALITPUR</var>
<if>
<branch type="IF" condition="&quot;${dis}&quot;==&quot;${district}&quot;">
<kw name="Set Variable" library="BuiltIn">
<var>${districtIndx}</var>
<arg>${indx}</arg>
<doc>Returns the given values which can then be assigned to a variables.</doc>
<status status="NOT RUN" starttime="20220828 17:23:01.104" endtime="20220828 17:23:01.104"/>
</kw>
<status status="NOT RUN" starttime="20220828 17:23:01.104" endtime="20220828 17:23:01.104"/>
</branch>
<status status="PASS" starttime="20220828 17:23:01.104" endtime="20220828 17:23:01.105"/>
</if>
<status status="PASS" starttime="20220828 17:23:01.104" endtime="20220828 17:23:01.105"/>
</iter>
<iter>
<var name="${indx}">49</var>
<var name="${dis}">LUCKNOW</var>
<if>
<branch type="IF" condition="&quot;${dis}&quot;==&quot;${district}&quot;">
<kw name="Set Variable" library="BuiltIn">
<var>${districtIndx}</var>
<arg>${indx}</arg>
<doc>Returns the given values which can then be assigned to a variables.</doc>
<status status="NOT RUN" starttime="20220828 17:23:01.105" endtime="20220828 17:23:01.105"/>
</kw>
<status status="NOT RUN" starttime="20220828 17:23:01.105" endtime="20220828 17:23:01.105"/>
</branch>
<status status="PASS" starttime="20220828 17:23:01.105" endtime="20220828 17:23:01.105"/>
</if>
<status status="PASS" starttime="20220828 17:23:01.105" endtime="20220828 17:23:01.105"/>
</iter>
<iter>
<var name="${indx}">50</var>
<var name="${dis}">MAHARAJGANJ</var>
<if>
<branch type="IF" condition="&quot;${dis}&quot;==&quot;${district}&quot;">
<kw name="Set Variable" library="BuiltIn">
<var>${districtIndx}</var>
<arg>${indx}</arg>
<doc>Returns the given values which can then be assigned to a variables.</doc>
<status status="NOT RUN" starttime="20220828 17:23:01.106" endtime="20220828 17:23:01.106"/>
</kw>
<status status="NOT RUN" starttime="20220828 17:23:01.106" endtime="20220828 17:23:01.106"/>
</branch>
<status status="PASS" starttime="20220828 17:23:01.105" endtime="20220828 17:23:01.106"/>
</if>
<status status="PASS" starttime="20220828 17:23:01.105" endtime="20220828 17:23:01.106"/>
</iter>
<iter>
<var name="${indx}">51</var>
<var name="${dis}">MAHOBA</var>
<if>
<branch type="IF" condition="&quot;${dis}&quot;==&quot;${district}&quot;">
<kw name="Set Variable" library="BuiltIn">
<var>${districtIndx}</var>
<arg>${indx}</arg>
<doc>Returns the given values which can then be assigned to a variables.</doc>
<status status="NOT RUN" starttime="20220828 17:23:01.106" endtime="20220828 17:23:01.107"/>
</kw>
<status status="NOT RUN" starttime="20220828 17:23:01.106" endtime="20220828 17:23:01.107"/>
</branch>
<status status="PASS" starttime="20220828 17:23:01.106" endtime="20220828 17:23:01.107"/>
</if>
<status status="PASS" starttime="20220828 17:23:01.106" endtime="20220828 17:23:01.107"/>
</iter>
<iter>
<var name="${indx}">52</var>
<var name="${dis}">MAINPURI</var>
<if>
<branch type="IF" condition="&quot;${dis}&quot;==&quot;${district}&quot;">
<kw name="Set Variable" library="BuiltIn">
<var>${districtIndx}</var>
<arg>${indx}</arg>
<doc>Returns the given values which can then be assigned to a variables.</doc>
<status status="NOT RUN" starttime="20220828 17:23:01.107" endtime="20220828 17:23:01.107"/>
</kw>
<status status="NOT RUN" starttime="20220828 17:23:01.107" endtime="20220828 17:23:01.108"/>
</branch>
<status status="PASS" starttime="20220828 17:23:01.107" endtime="20220828 17:23:01.108"/>
</if>
<status status="PASS" starttime="20220828 17:23:01.107" endtime="20220828 17:23:01.108"/>
</iter>
<iter>
<var name="${indx}">53</var>
<var name="${dis}">MATHURA</var>
<if>
<branch type="IF" condition="&quot;${dis}&quot;==&quot;${district}&quot;">
<kw name="Set Variable" library="BuiltIn">
<var>${districtIndx}</var>
<arg>${indx}</arg>
<doc>Returns the given values which can then be assigned to a variables.</doc>
<status status="NOT RUN" starttime="20220828 17:23:01.108" endtime="20220828 17:23:01.108"/>
</kw>
<status status="NOT RUN" starttime="20220828 17:23:01.108" endtime="20220828 17:23:01.108"/>
</branch>
<status status="PASS" starttime="20220828 17:23:01.108" endtime="20220828 17:23:01.108"/>
</if>
<status status="PASS" starttime="20220828 17:23:01.108" endtime="20220828 17:23:01.108"/>
</iter>
<iter>
<var name="${indx}">54</var>
<var name="${dis}">MAU</var>
<if>
<branch type="IF" condition="&quot;${dis}&quot;==&quot;${district}&quot;">
<kw name="Set Variable" library="BuiltIn">
<var>${districtIndx}</var>
<arg>${indx}</arg>
<doc>Returns the given values which can then be assigned to a variables.</doc>
<status status="NOT RUN" starttime="20220828 17:23:01.109" endtime="20220828 17:23:01.109"/>
</kw>
<status status="NOT RUN" starttime="20220828 17:23:01.109" endtime="20220828 17:23:01.109"/>
</branch>
<status status="PASS" starttime="20220828 17:23:01.109" endtime="20220828 17:23:01.109"/>
</if>
<status status="PASS" starttime="20220828 17:23:01.109" endtime="20220828 17:23:01.109"/>
</iter>
<iter>
<var name="${indx}">55</var>
<var name="${dis}">MEERUT</var>
<if>
<branch type="IF" condition="&quot;${dis}&quot;==&quot;${district}&quot;">
<kw name="Set Variable" library="BuiltIn">
<var>${districtIndx}</var>
<arg>${indx}</arg>
<doc>Returns the given values which can then be assigned to a variables.</doc>
<msg timestamp="20220828 17:23:01.110" level="INFO">${districtIndx} = 55</msg>
<status status="PASS" starttime="20220828 17:23:01.110" endtime="20220828 17:23:01.110"/>
</kw>
<status status="PASS" starttime="20220828 17:23:01.110" endtime="20220828 17:23:01.110"/>
</branch>
<status status="PASS" starttime="20220828 17:23:01.109" endtime="20220828 17:23:01.110"/>
</if>
<status status="PASS" starttime="20220828 17:23:01.109" endtime="20220828 17:23:01.110"/>
</iter>
<iter>
<var name="${indx}">56</var>
<var name="${dis}">MIRZAPUR</var>
<if>
<branch type="IF" condition="&quot;${dis}&quot;==&quot;${district}&quot;">
<kw name="Set Variable" library="BuiltIn">
<var>${districtIndx}</var>
<arg>${indx}</arg>
<doc>Returns the given values which can then be assigned to a variables.</doc>
<status status="NOT RUN" starttime="20220828 17:23:01.111" endtime="20220828 17:23:01.111"/>
</kw>
<status status="NOT RUN" starttime="20220828 17:23:01.111" endtime="20220828 17:23:01.111"/>
</branch>
<status status="PASS" starttime="20220828 17:23:01.110" endtime="20220828 17:23:01.111"/>
</if>
<status status="PASS" starttime="20220828 17:23:01.110" endtime="20220828 17:23:01.111"/>
</iter>
<iter>
<var name="${indx}">57</var>
<var name="${dis}">MORADABAD</var>
<if>
<branch type="IF" condition="&quot;${dis}&quot;==&quot;${district}&quot;">
<kw name="Set Variable" library="BuiltIn">
<var>${districtIndx}</var>
<arg>${indx}</arg>
<doc>Returns the given values which can then be assigned to a variables.</doc>
<status status="NOT RUN" starttime="20220828 17:23:01.111" endtime="20220828 17:23:01.111"/>
</kw>
<status status="NOT RUN" starttime="20220828 17:23:01.111" endtime="20220828 17:23:01.112"/>
</branch>
<status status="PASS" starttime="20220828 17:23:01.111" endtime="20220828 17:23:01.112"/>
</if>
<status status="PASS" starttime="20220828 17:23:01.111" endtime="20220828 17:23:01.112"/>
</iter>
<iter>
<var name="${indx}">58</var>
<var name="${dis}">MUZAFFARNAGAR</var>
<if>
<branch type="IF" condition="&quot;${dis}&quot;==&quot;${district}&quot;">
<kw name="Set Variable" library="BuiltIn">
<var>${districtIndx}</var>
<arg>${indx}</arg>
<doc>Returns the given values which can then be assigned to a variables.</doc>
<status status="NOT RUN" starttime="20220828 17:23:01.112" endtime="20220828 17:23:01.112"/>
</kw>
<status status="NOT RUN" starttime="20220828 17:23:01.112" endtime="20220828 17:23:01.112"/>
</branch>
<status status="PASS" starttime="20220828 17:23:01.112" endtime="20220828 17:23:01.112"/>
</if>
<status status="PASS" starttime="20220828 17:23:01.112" endtime="20220828 17:23:01.112"/>
</iter>
<iter>
<var name="${indx}">59</var>
<var name="${dis}">PILIBHIT</var>
<if>
<branch type="IF" condition="&quot;${dis}&quot;==&quot;${district}&quot;">
<kw name="Set Variable" library="BuiltIn">
<var>${districtIndx}</var>
<arg>${indx}</arg>
<doc>Returns the given values which can then be assigned to a variables.</doc>
<status status="NOT RUN" starttime="20220828 17:23:01.113" endtime="20220828 17:23:01.113"/>
</kw>
<status status="NOT RUN" starttime="20220828 17:23:01.113" endtime="20220828 17:23:01.113"/>
</branch>
<status status="PASS" starttime="20220828 17:23:01.113" endtime="20220828 17:23:01.113"/>
</if>
<status status="PASS" starttime="20220828 17:23:01.113" endtime="20220828 17:23:01.113"/>
</iter>
<iter>
<var name="${indx}">60</var>
<var name="${dis}">PRATAPGARH</var>
<if>
<branch type="IF" condition="&quot;${dis}&quot;==&quot;${district}&quot;">
<kw name="Set Variable" library="BuiltIn">
<var>${districtIndx}</var>
<arg>${indx}</arg>
<doc>Returns the given values which can then be assigned to a variables.</doc>
<status status="NOT RUN" starttime="20220828 17:23:01.114" endtime="20220828 17:23:01.114"/>
</kw>
<status status="NOT RUN" starttime="20220828 17:23:01.114" endtime="20220828 17:23:01.114"/>
</branch>
<status status="PASS" starttime="20220828 17:23:01.113" endtime="20220828 17:23:01.114"/>
</if>
<status status="PASS" starttime="20220828 17:23:01.113" endtime="20220828 17:23:01.114"/>
</iter>
<iter>
<var name="${indx}">61</var>
<var name="${dis}">RAE BARELI</var>
<if>
<branch type="IF" condition="&quot;${dis}&quot;==&quot;${district}&quot;">
<kw name="Set Variable" library="BuiltIn">
<var>${districtIndx}</var>
<arg>${indx}</arg>
<doc>Returns the given values which can then be assigned to a variables.</doc>
<status status="NOT RUN" starttime="20220828 17:23:01.115" endtime="20220828 17:23:01.115"/>
</kw>
<status status="NOT RUN" starttime="20220828 17:23:01.115" endtime="20220828 17:23:01.115"/>
</branch>
<status status="PASS" starttime="20220828 17:23:01.114" endtime="20220828 17:23:01.115"/>
</if>
<status status="PASS" starttime="20220828 17:23:01.114" endtime="20220828 17:23:01.115"/>
</iter>
<iter>
<var name="${indx}">62</var>
<var name="${dis}">RAMPUR</var>
<if>
<branch type="IF" condition="&quot;${dis}&quot;==&quot;${district}&quot;">
<kw name="Set Variable" library="BuiltIn">
<var>${districtIndx}</var>
<arg>${indx}</arg>
<doc>Returns the given values which can then be assigned to a variables.</doc>
<status status="NOT RUN" starttime="20220828 17:23:01.116" endtime="20220828 17:23:01.116"/>
</kw>
<status status="NOT RUN" starttime="20220828 17:23:01.115" endtime="20220828 17:23:01.116"/>
</branch>
<status status="PASS" starttime="20220828 17:23:01.115" endtime="20220828 17:23:01.116"/>
</if>
<status status="PASS" starttime="20220828 17:23:01.115" endtime="20220828 17:23:01.116"/>
</iter>
<iter>
<var name="${indx}">63</var>
<var name="${dis}">SAHARANPUR</var>
<if>
<branch type="IF" condition="&quot;${dis}&quot;==&quot;${district}&quot;">
<kw name="Set Variable" library="BuiltIn">
<var>${districtIndx}</var>
<arg>${indx}</arg>
<doc>Returns the given values which can then be assigned to a variables.</doc>
<status status="NOT RUN" starttime="20220828 17:23:01.116" endtime="20220828 17:23:01.116"/>
</kw>
<status status="NOT RUN" starttime="20220828 17:23:01.116" endtime="20220828 17:23:01.117"/>
</branch>
<status status="PASS" starttime="20220828 17:23:01.116" endtime="20220828 17:23:01.117"/>
</if>
<status status="PASS" starttime="20220828 17:23:01.116" endtime="20220828 17:23:01.117"/>
</iter>
<iter>
<var name="${indx}">64</var>
<var name="${dis}">SAMBHAL</var>
<if>
<branch type="IF" condition="&quot;${dis}&quot;==&quot;${district}&quot;">
<kw name="Set Variable" library="BuiltIn">
<var>${districtIndx}</var>
<arg>${indx}</arg>
<doc>Returns the given values which can then be assigned to a variables.</doc>
<status status="NOT RUN" starttime="20220828 17:23:01.117" endtime="20220828 17:23:01.117"/>
</kw>
<status status="NOT RUN" starttime="20220828 17:23:01.117" endtime="20220828 17:23:01.117"/>
</branch>
<status status="PASS" starttime="20220828 17:23:01.117" endtime="20220828 17:23:01.117"/>
</if>
<status status="PASS" starttime="20220828 17:23:01.117" endtime="20220828 17:23:01.117"/>
</iter>
<iter>
<var name="${indx}">65</var>
<var name="${dis}">SHAHJAHANPUR</var>
<if>
<branch type="IF" condition="&quot;${dis}&quot;==&quot;${district}&quot;">
<kw name="Set Variable" library="BuiltIn">
<var>${districtIndx}</var>
<arg>${indx}</arg>
<doc>Returns the given values which can then be assigned to a variables.</doc>
<status status="NOT RUN" starttime="20220828 17:23:01.118" endtime="20220828 17:23:01.118"/>
</kw>
<status status="NOT RUN" starttime="20220828 17:23:01.118" endtime="20220828 17:23:01.118"/>
</branch>
<status status="PASS" starttime="20220828 17:23:01.118" endtime="20220828 17:23:01.118"/>
</if>
<status status="PASS" starttime="20220828 17:23:01.118" endtime="20220828 17:23:01.118"/>
</iter>
<iter>
<var name="${indx}">66</var>
<var name="${dis}">SHAMLI</var>
<if>
<branch type="IF" condition="&quot;${dis}&quot;==&quot;${district}&quot;">
<kw name="Set Variable" library="BuiltIn">
<var>${districtIndx}</var>
<arg>${indx}</arg>
<doc>Returns the given values which can then be assigned to a variables.</doc>
<status status="NOT RUN" starttime="20220828 17:23:01.119" endtime="20220828 17:23:01.119"/>
</kw>
<status status="NOT RUN" starttime="20220828 17:23:01.119" endtime="20220828 17:23:01.119"/>
</branch>
<status status="PASS" starttime="20220828 17:23:01.118" endtime="20220828 17:23:01.119"/>
</if>
<status status="PASS" starttime="20220828 17:23:01.118" endtime="20220828 17:23:01.119"/>
</iter>
<iter>
<var name="${indx}">67</var>
<var name="${dis}">SHRAWASTI</var>
<if>
<branch type="IF" condition="&quot;${dis}&quot;==&quot;${district}&quot;">
<kw name="Set Variable" library="BuiltIn">
<var>${districtIndx}</var>
<arg>${indx}</arg>
<doc>Returns the given values which can then be assigned to a variables.</doc>
<status status="NOT RUN" starttime="20220828 17:23:01.119" endtime="20220828 17:23:01.119"/>
</kw>
<status status="NOT RUN" starttime="20220828 17:23:01.119" endtime="20220828 17:23:01.119"/>
</branch>
<status status="PASS" starttime="20220828 17:23:01.119" endtime="20220828 17:23:01.120"/>
</if>
<status status="PASS" starttime="20220828 17:23:01.119" endtime="20220828 17:23:01.120"/>
</iter>
<iter>
<var name="${indx}">68</var>
<var name="${dis}">SIDDHARTHNAGAR</var>
<if>
<branch type="IF" condition="&quot;${dis}&quot;==&quot;${district}&quot;">
<kw name="Set Variable" library="BuiltIn">
<var>${districtIndx}</var>
<arg>${indx}</arg>
<doc>Returns the given values which can then be assigned to a variables.</doc>
<status status="NOT RUN" starttime="20220828 17:23:01.120" endtime="20220828 17:23:01.120"/>
</kw>
<status status="NOT RUN" starttime="20220828 17:23:01.120" endtime="20220828 17:23:01.120"/>
</branch>
<status status="PASS" starttime="20220828 17:23:01.120" endtime="20220828 17:23:01.120"/>
</if>
<status status="PASS" starttime="20220828 17:23:01.120" endtime="20220828 17:23:01.120"/>
</iter>
<iter>
<var name="${indx}">69</var>
<var name="${dis}">SITAPUR</var>
<if>
<branch type="IF" condition="&quot;${dis}&quot;==&quot;${district}&quot;">
<kw name="Set Variable" library="BuiltIn">
<var>${districtIndx}</var>
<arg>${indx}</arg>
<doc>Returns the given values which can then be assigned to a variables.</doc>
<status status="NOT RUN" starttime="20220828 17:23:01.121" endtime="20220828 17:23:01.121"/>
</kw>
<status status="NOT RUN" starttime="20220828 17:23:01.121" endtime="20220828 17:23:01.121"/>
</branch>
<status status="PASS" starttime="20220828 17:23:01.120" endtime="20220828 17:23:01.121"/>
</if>
<status status="PASS" starttime="20220828 17:23:01.120" endtime="20220828 17:23:01.121"/>
</iter>
<iter>
<var name="${indx}">70</var>
<var name="${dis}">SK NAGAR</var>
<if>
<branch type="IF" condition="&quot;${dis}&quot;==&quot;${district}&quot;">
<kw name="Set Variable" library="BuiltIn">
<var>${districtIndx}</var>
<arg>${indx}</arg>
<doc>Returns the given values which can then be assigned to a variables.</doc>
<status status="NOT RUN" starttime="20220828 17:23:01.121" endtime="20220828 17:23:01.122"/>
</kw>
<status status="NOT RUN" starttime="20220828 17:23:01.121" endtime="20220828 17:23:01.122"/>
</branch>
<status status="PASS" starttime="20220828 17:23:01.121" endtime="20220828 17:23:01.122"/>
</if>
<status status="PASS" starttime="20220828 17:23:01.121" endtime="20220828 17:23:01.122"/>
</iter>
<iter>
<var name="${indx}">71</var>
<var name="${dis}">SONBHADRA</var>
<if>
<branch type="IF" condition="&quot;${dis}&quot;==&quot;${district}&quot;">
<kw name="Set Variable" library="BuiltIn">
<var>${districtIndx}</var>
<arg>${indx}</arg>
<doc>Returns the given values which can then be assigned to a variables.</doc>
<status status="NOT RUN" starttime="20220828 17:23:01.122" endtime="20220828 17:23:01.122"/>
</kw>
<status status="NOT RUN" starttime="20220828 17:23:01.122" endtime="20220828 17:23:01.122"/>
</branch>
<status status="PASS" starttime="20220828 17:23:01.122" endtime="20220828 17:23:01.122"/>
</if>
<status status="PASS" starttime="20220828 17:23:01.122" endtime="20220828 17:23:01.122"/>
</iter>
<iter>
<var name="${indx}">72</var>
<var name="${dis}">SR NAGAR</var>
<if>
<branch type="IF" condition="&quot;${dis}&quot;==&quot;${district}&quot;">
<kw name="Set Variable" library="BuiltIn">
<var>${districtIndx}</var>
<arg>${indx}</arg>
<doc>Returns the given values which can then be assigned to a variables.</doc>
<status status="NOT RUN" starttime="20220828 17:23:01.123" endtime="20220828 17:23:01.123"/>
</kw>
<status status="NOT RUN" starttime="20220828 17:23:01.123" endtime="20220828 17:23:01.123"/>
</branch>
<status status="PASS" starttime="20220828 17:23:01.123" endtime="20220828 17:23:01.123"/>
</if>
<status status="PASS" starttime="20220828 17:23:01.122" endtime="20220828 17:23:01.123"/>
</iter>
<iter>
<var name="${indx}">73</var>
<var name="${dis}">SULTANPUR</var>
<if>
<branch type="IF" condition="&quot;${dis}&quot;==&quot;${district}&quot;">
<kw name="Set Variable" library="BuiltIn">
<var>${districtIndx}</var>
<arg>${indx}</arg>
<doc>Returns the given values which can then be assigned to a variables.</doc>
<status status="NOT RUN" starttime="20220828 17:23:01.124" endtime="20220828 17:23:01.124"/>
</kw>
<status status="NOT RUN" starttime="20220828 17:23:01.124" endtime="20220828 17:23:01.124"/>
</branch>
<status status="PASS" starttime="20220828 17:23:01.123" endtime="20220828 17:23:01.124"/>
</if>
<status status="PASS" starttime="20220828 17:23:01.123" endtime="20220828 17:23:01.124"/>
</iter>
<iter>
<var name="${indx}">74</var>
<var name="${dis}">UNNAO</var>
<if>
<branch type="IF" condition="&quot;${dis}&quot;==&quot;${district}&quot;">
<kw name="Set Variable" library="BuiltIn">
<var>${districtIndx}</var>
<arg>${indx}</arg>
<doc>Returns the given values which can then be assigned to a variables.</doc>
<status status="NOT RUN" starttime="20220828 17:23:01.125" endtime="20220828 17:23:01.125"/>
</kw>
<status status="NOT RUN" starttime="20220828 17:23:01.125" endtime="20220828 17:23:01.125"/>
</branch>
<status status="PASS" starttime="20220828 17:23:01.124" endtime="20220828 17:23:01.125"/>
</if>
<status status="PASS" starttime="20220828 17:23:01.124" endtime="20220828 17:23:01.125"/>
</iter>
<iter>
<var name="${indx}">75</var>
<var name="${dis}">VARANASI</var>
<if>
<branch type="IF" condition="&quot;${dis}&quot;==&quot;${district}&quot;">
<kw name="Set Variable" library="BuiltIn">
<var>${districtIndx}</var>
<arg>${indx}</arg>
<doc>Returns the given values which can then be assigned to a variables.</doc>
<status status="NOT RUN" starttime="20220828 17:23:01.125" endtime="20220828 17:23:01.126"/>
</kw>
<status status="NOT RUN" starttime="20220828 17:23:01.125" endtime="20220828 17:23:01.126"/>
</branch>
<status status="PASS" starttime="20220828 17:23:01.125" endtime="20220828 17:23:01.126"/>
</if>
<status status="PASS" starttime="20220828 17:23:01.125" endtime="20220828 17:23:01.126"/>
</iter>
<status status="PASS" starttime="20220828 17:23:01.067" endtime="20220828 17:23:01.126"/>
</for>
<kw name="Drop Down" library="QWeb">
<arg>जिला</arg>
<arg>[[${districtIndx}]]</arg>
<tag>Dropdown</tag>
<tag>Interaction</tag>
<doc>Select an option from dropdown menu/list.</doc>
<status status="PASS" starttime="20220828 17:23:01.126" endtime="20220828 17:23:02.240"/>
</kw>
<kw name="Set Config" library="QWeb">
<arg>SearchDirection</arg>
<arg>right</arg>
<tag>Config</tag>
<doc>Set configuration parameter to given value. Return previous value.</doc>
<status status="PASS" starttime="20220828 17:23:02.241" endtime="20220828 17:23:02.241"/>
</kw>
<kw name="Get Drop Down Values" library="QWeb">
<var>${instituteOpt}</var>
<arg>शिक्षण संस्थान</arg>
<arg>element_type=dropdown</arg>
<arg>index=2</arg>
<tag>Dropdown</tag>
<tag>Getters</tag>
<doc>Return all options from a dropdown menu/list.</doc>
<msg timestamp="20220828 17:23:10.241" level="INFO">${instituteOpt} = ['SELECT', 'A.P.S COLLEGE OF EDUCATION TECHNOLOGY KHIWAI ROHTA ROAD MRT', 'A.P.S COLLEGE OF EDUCATION JULHERA BHUNI CHOWK, SARADHANA MRT', 'A.P.S. COLLEGE, ROHTA KHIWAI ROAD, VILL KHIWAI, SARDHANA MEE...</msg>
<status status="PASS" starttime="20220828 17:23:02.242" endtime="20220828 17:23:10.241"/>
</kw>
<for flavor="IN ENUMERATE">
<var>${indx}</var>
<var>${ins}</var>
<value>@{instituteOpt}</value>
<iter>
<var name="${indx}">0</var>
<var name="${ins}">SELECT</var>
<if>
<branch type="IF" condition="'${ins}'==${institute}">
<kw name="Set Variable" library="BuiltIn">
<var>${instituteIndx}</var>
<arg>${indx}</arg>
<doc>Returns the given values which can then be assigned to a variables.</doc>
<status status="NOT RUN" starttime="20220828 17:23:10.242" endtime="20220828 17:23:10.243"/>
</kw>
<status status="NOT RUN" starttime="20220828 17:23:10.242" endtime="20220828 17:23:10.243"/>
</branch>
<status status="PASS" starttime="20220828 17:23:10.242" endtime="20220828 17:23:10.243"/>
</if>
<status status="PASS" starttime="20220828 17:23:10.242" endtime="20220828 17:23:10.243"/>
</iter>
<iter>
<var name="${indx}">1</var>
<var name="${ins}">A.P.S COLLEGE OF EDUCATION TECHNOLOGY KHIWAI ROHTA ROAD MRT</var>
<if>
<branch type="IF" condition="'${ins}'==${institute}">
<kw name="Set Variable" library="BuiltIn">
<var>${instituteIndx}</var>
<arg>${indx}</arg>
<doc>Returns the given values which can then be assigned to a variables.</doc>
<status status="NOT RUN" starttime="20220828 17:23:10.243" endtime="20220828 17:23:10.243"/>
</kw>
<status status="NOT RUN" starttime="20220828 17:23:10.243" endtime="20220828 17:23:10.243"/>
</branch>
<status status="PASS" starttime="20220828 17:23:10.243" endtime="20220828 17:23:10.243"/>
</if>
<status status="PASS" starttime="20220828 17:23:10.243" endtime="20220828 17:23:10.243"/>
</iter>
<iter>
<var name="${indx}">2</var>
<var name="${ins}">A.P.S COLLEGE OF EDUCATION JULHERA BHUNI CHOWK, SARADHANA MRT</var>
<if>
<branch type="IF" condition="'${ins}'==${institute}">
<kw name="Set Variable" library="BuiltIn">
<var>${instituteIndx}</var>
<arg>${indx}</arg>
<doc>Returns the given values which can then be assigned to a variables.</doc>
<status status="NOT RUN" starttime="20220828 17:23:10.244" endtime="20220828 17:23:10.244"/>
</kw>
<status status="NOT RUN" starttime="20220828 17:23:10.244" endtime="20220828 17:23:10.244"/>
</branch>
<status status="PASS" starttime="20220828 17:23:10.244" endtime="20220828 17:23:10.244"/>
</if>
<status status="PASS" starttime="20220828 17:23:10.243" endtime="20220828 17:23:10.244"/>
</iter>
<iter>
<var name="${indx}">3</var>
<var name="${ins}">A.P.S. COLLEGE, ROHTA KHIWAI ROAD, VILL KHIWAI, SARDHANA MEERUT</var>
<if>
<branch type="IF" condition="'${ins}'==${institute}">
<kw name="Set Variable" library="BuiltIn">
<var>${instituteIndx}</var>
<arg>${indx}</arg>
<doc>Returns the given values which can then be assigned to a variables.</doc>
<status status="NOT RUN" starttime="20220828 17:23:10.245" endtime="20220828 17:23:10.245"/>
</kw>
<status status="NOT RUN" starttime="20220828 17:23:10.244" endtime="20220828 17:23:10.245"/>
</branch>
<status status="PASS" starttime="20220828 17:23:10.244" endtime="20220828 17:23:10.245"/>
</if>
<status status="PASS" starttime="20220828 17:23:10.244" endtime="20220828 17:23:10.245"/>
</iter>
<iter>
<var name="${indx}">4</var>
<var name="${ins}">A.R. INSTITUTE OF MANAGEMENT &amp; TECH MAWANA ROAD , MEERUT</var>
<if>
<branch type="IF" condition="'${ins}'==${institute}">
<kw name="Set Variable" library="BuiltIn">
<var>${instituteIndx}</var>
<arg>${indx}</arg>
<doc>Returns the given values which can then be assigned to a variables.</doc>
<status status="NOT RUN" starttime="20220828 17:23:10.245" endtime="20220828 17:23:10.246"/>
</kw>
<status status="NOT RUN" starttime="20220828 17:23:10.245" endtime="20220828 17:23:10.246"/>
</branch>
<status status="PASS" starttime="20220828 17:23:10.245" endtime="20220828 17:23:10.246"/>
</if>
<status status="PASS" starttime="20220828 17:23:10.245" endtime="20220828 17:23:10.246"/>
</iter>
<iter>
<var name="${indx}">5</var>
<var name="${ins}">A.S. COLLEGE MAWANA MEERUT</var>
<if>
<branch type="IF" condition="'${ins}'==${institute}">
<kw name="Set Variable" library="BuiltIn">
<var>${instituteIndx}</var>
<arg>${indx}</arg>
<doc>Returns the given values which can then be assigned to a variables.</doc>
<status status="NOT RUN" starttime="20220828 17:23:10.246" endtime="20220828 17:23:10.246"/>
</kw>
<status status="NOT RUN" starttime="20220828 17:23:10.246" endtime="20220828 17:23:10.246"/>
</branch>
<status status="PASS" starttime="20220828 17:23:10.246" endtime="20220828 17:23:10.246"/>
</if>
<status status="PASS" starttime="20220828 17:23:10.246" endtime="20220828 17:23:10.246"/>
</iter>
<iter>
<var name="${indx}">6</var>
<var name="${ins}">AADHARSHILA COLLEGE OF EDUTCATION PARTAPUR MEERUT</var>
<if>
<branch type="IF" condition="'${ins}'==${institute}">
<kw name="Set Variable" library="BuiltIn">
<var>${instituteIndx}</var>
<arg>${indx}</arg>
<doc>Returns the given values which can then be assigned to a variables.</doc>
<status status="NOT RUN" starttime="20220828 17:23:10.247" endtime="20220828 17:23:10.247"/>
</kw>
<status status="NOT RUN" starttime="20220828 17:23:10.247" endtime="20220828 17:23:10.247"/>
</branch>
<status status="PASS" starttime="20220828 17:23:10.247" endtime="20220828 17:23:10.247"/>
</if>
<status status="PASS" starttime="20220828 17:23:10.246" endtime="20220828 17:23:10.247"/>
</iter>
<iter>
<var name="${indx}">7</var>
<var name="${ins}">AADHARSHILA TEACHER TRAINING INSTITUTE FOR WOMEN, LAHARAA KHANPUR, MEERUT</var>
<if>
<branch type="IF" condition="'${ins}'==${institute}">
<kw name="Set Variable" library="BuiltIn">
<var>${instituteIndx}</var>
<arg>${indx}</arg>
<doc>Returns the given values which can then be assigned to a variables.</doc>
<status status="NOT RUN" starttime="20220828 17:23:10.248" endtime="20220828 17:23:10.248"/>
</kw>
<status status="NOT RUN" starttime="20220828 17:23:10.247" endtime="20220828 17:23:10.248"/>
</branch>
<status status="PASS" starttime="20220828 17:23:10.247" endtime="20220828 17:23:10.248"/>
</if>
<status status="PASS" starttime="20220828 17:23:10.247" endtime="20220828 17:23:10.248"/>
</iter>
<iter>
<var name="${indx}">8</var>
<var name="${ins}">AADISHREE GIRLS COLLEGE FOR HIGHER EDUCATION KAUL, MAWANA, MEERUT</var>
<if>
<branch type="IF" condition="'${ins}'==${institute}">
<kw name="Set Variable" library="BuiltIn">
<var>${instituteIndx}</var>
<arg>${indx}</arg>
<doc>Returns the given values which can then be assigned to a variables.</doc>
<status status="NOT RUN" starttime="20220828 17:23:10.249" endtime="20220828 17:23:10.249"/>
</kw>
<status status="NOT RUN" starttime="20220828 17:23:10.248" endtime="20220828 17:23:10.249"/>
</branch>
<status status="PASS" starttime="20220828 17:23:10.248" endtime="20220828 17:23:10.249"/>
</if>
<status status="PASS" starttime="20220828 17:23:10.248" endtime="20220828 17:23:10.249"/>
</iter>
<iter>
<var name="${indx}">9</var>
<var name="${ins}">ABDUL KALAM COLLEGE OF EDUCATION</var>
<if>
<branch type="IF" condition="'${ins}'==${institute}">
<kw name="Set Variable" library="BuiltIn">
<var>${instituteIndx}</var>
<arg>${indx}</arg>
<doc>Returns the given values which can then be assigned to a variables.</doc>
<status status="NOT RUN" starttime="20220828 17:23:10.249" endtime="20220828 17:23:10.250"/>
</kw>
<status status="NOT RUN" starttime="20220828 17:23:10.249" endtime="20220828 17:23:10.250"/>
</branch>
<status status="PASS" starttime="20220828 17:23:10.249" endtime="20220828 17:23:10.250"/>
</if>
<status status="PASS" starttime="20220828 17:23:10.249" endtime="20220828 17:23:10.250"/>
</iter>
<iter>
<var name="${indx}">10</var>
<var name="${ins}">ABHIRAM INSTITUTE OF APPLIED HEALTH SCIENCES</var>
<if>
<branch type="IF" condition="'${ins}'==${institute}">
<kw name="Set Variable" library="BuiltIn">
<var>${instituteIndx}</var>
<arg>${indx}</arg>
<doc>Returns the given values which can then be assigned to a variables.</doc>
<status status="NOT RUN" starttime="20220828 17:23:10.250" endtime="20220828 17:23:10.250"/>
</kw>
<status status="NOT RUN" starttime="20220828 17:23:10.250" endtime="20220828 17:23:10.250"/>
</branch>
<status status="PASS" starttime="20220828 17:23:10.250" endtime="20220828 17:23:10.250"/>
</if>
<status status="PASS" starttime="20220828 17:23:10.250" endtime="20220828 17:23:10.250"/>
</iter>
<iter>
<var name="${indx}">11</var>
<var name="${ins}">ABSS INSTITUTE OF TECHNOLOGY,MAWANA ROAD, MEERUT - 250001 </var>
<if>
<branch type="IF" condition="'${ins}'==${institute}">
<kw name="Set Variable" library="BuiltIn">
<var>${instituteIndx}</var>
<arg>${indx}</arg>
<doc>Returns the given values which can then be assigned to a variables.</doc>
<status status="NOT RUN" starttime="20220828 17:23:10.251" endtime="20220828 17:23:10.251"/>
</kw>
<status status="NOT RUN" starttime="20220828 17:23:10.251" endtime="20220828 17:23:10.251"/>
</branch>
<status status="PASS" starttime="20220828 17:23:10.251" endtime="20220828 17:23:10.251"/>
</if>
<status status="PASS" starttime="20220828 17:23:10.251" endtime="20220828 17:23:10.251"/>
</iter>
<iter>
<var name="${indx}">12</var>
<var name="${ins}">ADHARSHILA PRIVATE ITI MEERUT</var>
<if>
<branch type="IF" condition="'${ins}'==${institute}">
<kw name="Set Variable" library="BuiltIn">
<var>${instituteIndx}</var>
<arg>${indx}</arg>
<doc>Returns the given values which can then be assigned to a variables.</doc>
<status status="NOT RUN" starttime="20220828 17:23:10.252" endtime="20220828 17:23:10.252"/>
</kw>
<status status="NOT RUN" starttime="20220828 17:23:10.251" endtime="20220828 17:23:10.252"/>
</branch>
<status status="PASS" starttime="20220828 17:23:10.251" endtime="20220828 17:23:10.252"/>
</if>
<status status="PASS" starttime="20220828 17:23:10.251" endtime="20220828 17:23:10.252"/>
</iter>
<iter>
<var name="${indx}">13</var>
<var name="${ins}">AKSHITA COLLEGE OF HIGHER EDUCATION</var>
<if>
<branch type="IF" condition="'${ins}'==${institute}">
<kw name="Set Variable" library="BuiltIn">
<var>${instituteIndx}</var>
<arg>${indx}</arg>
<doc>Returns the given values which can then be assigned to a variables.</doc>
<status status="NOT RUN" starttime="20220828 17:23:10.252" endtime="20220828 17:23:10.252"/>
</kw>
<status status="NOT RUN" starttime="20220828 17:23:10.252" endtime="20220828 17:23:10.252"/>
</branch>
<status status="PASS" starttime="20220828 17:23:10.252" endtime="20220828 17:23:10.252"/>
</if>
<status status="PASS" starttime="20220828 17:23:10.252" endtime="20220828 17:23:10.253"/>
</iter>
<iter>
<var name="${indx}">14</var>
<var name="${ins}">AKSHITA COLLEGE OF PHARMACY</var>
<if>
<branch type="IF" condition="'${ins}'==${institute}">
<kw name="Set Variable" library="BuiltIn">
<var>${instituteIndx}</var>
<arg>${indx}</arg>
<doc>Returns the given values which can then be assigned to a variables.</doc>
<status status="NOT RUN" starttime="20220828 17:23:10.253" endtime="20220828 17:23:10.253"/>
</kw>
<status status="NOT RUN" starttime="20220828 17:23:10.253" endtime="20220828 17:23:10.253"/>
</branch>
<status status="PASS" starttime="20220828 17:23:10.253" endtime="20220828 17:23:10.253"/>
</if>
<status status="PASS" starttime="20220828 17:23:10.253" endtime="20220828 17:23:10.253"/>
</iter>
<iter>
<var name="${indx}">15</var>
<var name="${ins}">AMBRESH SHARMA COLLEGE OF EDU. &amp; TECH. HAPUR ROAD MEERUT</var>
<if>
<branch type="IF" condition="'${ins}'==${institute}">
<kw name="Set Variable" library="BuiltIn">
<var>${instituteIndx}</var>
<arg>${indx}</arg>
<doc>Returns the given values which can then be assigned to a variables.</doc>
<status status="NOT RUN" starttime="20220828 17:23:10.254" endtime="20220828 17:23:10.254"/>
</kw>
<status status="NOT RUN" starttime="20220828 17:23:10.254" endtime="20220828 17:23:10.254"/>
</branch>
<status status="PASS" starttime="20220828 17:23:10.253" endtime="20220828 17:23:10.254"/>
</if>
<status status="PASS" starttime="20220828 17:23:10.253" endtime="20220828 17:23:10.254"/>
</iter>
<iter>
<var name="${indx}">16</var>
<var name="${ins}">ANAND INSTITUTE OF PARA MEDICAL SCIENCE</var>
<if>
<branch type="IF" condition="'${ins}'==${institute}">
<kw name="Set Variable" library="BuiltIn">
<var>${instituteIndx}</var>
<arg>${indx}</arg>
<doc>Returns the given values which can then be assigned to a variables.</doc>
<status status="NOT RUN" starttime="20220828 17:23:10.254" endtime="20220828 17:23:10.255"/>
</kw>
<status status="NOT RUN" starttime="20220828 17:23:10.254" endtime="20220828 17:23:10.255"/>
</branch>
<status status="PASS" starttime="20220828 17:23:10.254" endtime="20220828 17:23:10.255"/>
</if>
<status status="PASS" starttime="20220828 17:23:10.254" endtime="20220828 17:23:10.255"/>
</iter>
<iter>
<var name="${indx}">17</var>
<var name="${ins}">ANAND NURSHING COLLEGE</var>
<if>
<branch type="IF" condition="'${ins}'==${institute}">
<kw name="Set Variable" library="BuiltIn">
<var>${instituteIndx}</var>
<arg>${indx}</arg>
<doc>Returns the given values which can then be assigned to a variables.</doc>
<status status="NOT RUN" starttime="20220828 17:23:10.255" endtime="20220828 17:23:10.255"/>
</kw>
<status status="NOT RUN" starttime="20220828 17:23:10.255" endtime="20220828 17:23:10.255"/>
</branch>
<status status="PASS" starttime="20220828 17:23:10.255" endtime="20220828 17:23:10.255"/>
</if>
<status status="PASS" starttime="20220828 17:23:10.255" endtime="20220828 17:23:10.255"/>
</iter>
<iter>
<var name="${indx}">18</var>
<var name="${ins}">APEX COLLEGE OF TECHNICAL EDUCATION,PARTAPUR, MEERUT </var>
<if>
<branch type="IF" condition="'${ins}'==${institute}">
<kw name="Set Variable" library="BuiltIn">
<var>${instituteIndx}</var>
<arg>${indx}</arg>
<doc>Returns the given values which can then be assigned to a variables.</doc>
<status status="NOT RUN" starttime="20220828 17:23:10.256" endtime="20220828 17:23:10.256"/>
</kw>
<status status="NOT RUN" starttime="20220828 17:23:10.256" endtime="20220828 17:23:10.256"/>
</branch>
<status status="PASS" starttime="20220828 17:23:10.256" endtime="20220828 17:23:10.256"/>
</if>
<status status="PASS" starttime="20220828 17:23:10.256" endtime="20220828 17:23:10.256"/>
</iter>
<iter>
<var name="${indx}">19</var>
<var name="${ins}">APEX INSTITUTE OF MANGAEMENT &amp; STUDIES &amp; RESEARCH PARTAPUR BY PASS MRT</var>
<if>
<branch type="IF" condition="'${ins}'==${institute}">
<kw name="Set Variable" library="BuiltIn">
<var>${instituteIndx}</var>
<arg>${indx}</arg>
<doc>Returns the given values which can then be assigned to a variables.</doc>
<status status="NOT RUN" starttime="20220828 17:23:10.257" endtime="20220828 17:23:10.257"/>
</kw>
<status status="NOT RUN" starttime="20220828 17:23:10.257" endtime="20220828 17:23:10.257"/>
</branch>
<status status="PASS" starttime="20220828 17:23:10.257" endtime="20220828 17:23:10.257"/>
</if>
<status status="PASS" starttime="20220828 17:23:10.257" endtime="20220828 17:23:10.257"/>
</iter>
<iter>
<var name="${indx}">20</var>
<var name="${ins}">APS COLLEGE OF PHARMACY BHOONI CHOWK SARDHANA MEERUT</var>
<if>
<branch type="IF" condition="'${ins}'==${institute}">
<kw name="Set Variable" library="BuiltIn">
<var>${instituteIndx}</var>
<arg>${indx}</arg>
<doc>Returns the given values which can then be assigned to a variables.</doc>
<status status="NOT RUN" starttime="20220828 17:23:10.258" endtime="20220828 17:23:10.258"/>
</kw>
<status status="NOT RUN" starttime="20220828 17:23:10.258" endtime="20220828 17:23:10.258"/>
</branch>
<status status="PASS" starttime="20220828 17:23:10.257" endtime="20220828 17:23:10.258"/>
</if>
<status status="PASS" starttime="20220828 17:23:10.257" endtime="20220828 17:23:10.258"/>
</iter>
<iter>
<var name="${indx}">21</var>
<var name="${ins}">ARSHIA COLLEGE FOR HIGHER EDUCATION,KAUL,MAWANA,MRT</var>
<if>
<branch type="IF" condition="'${ins}'==${institute}">
<kw name="Set Variable" library="BuiltIn">
<var>${instituteIndx}</var>
<arg>${indx}</arg>
<doc>Returns the given values which can then be assigned to a variables.</doc>
<status status="NOT RUN" starttime="20220828 17:23:10.258" endtime="20220828 17:23:10.258"/>
</kw>
<status status="NOT RUN" starttime="20220828 17:23:10.258" endtime="20220828 17:23:10.258"/>
</branch>
<status status="PASS" starttime="20220828 17:23:10.258" endtime="20220828 17:23:10.259"/>
</if>
<status status="PASS" starttime="20220828 17:23:10.258" endtime="20220828 17:23:10.259"/>
</iter>
<iter>
<var name="${indx}">22</var>
<var name="${ins}">ARYAN COLLEGE OF PROFESSIONAL EDUCATION</var>
<if>
<branch type="IF" condition="'${ins}'==${institute}">
<kw name="Set Variable" library="BuiltIn">
<var>${instituteIndx}</var>
<arg>${indx}</arg>
<doc>Returns the given values which can then be assigned to a variables.</doc>
<status status="NOT RUN" starttime="20220828 17:23:10.259" endtime="20220828 17:23:10.259"/>
</kw>
<status status="NOT RUN" starttime="20220828 17:23:10.259" endtime="20220828 17:23:10.259"/>
</branch>
<status status="PASS" starttime="20220828 17:23:10.259" endtime="20220828 17:23:10.259"/>
</if>
<status status="PASS" starttime="20220828 17:23:10.259" endtime="20220828 17:23:10.259"/>
</iter>
<iter>
<var name="${indx}">23</var>
<var name="${ins}">ASTRAN COLLEGE OF EDU. HAPUR BY PASS ROAD MEERUT</var>
<if>
<branch type="IF" condition="'${ins}'==${institute}">
<kw name="Set Variable" library="BuiltIn">
<var>${instituteIndx}</var>
<arg>${indx}</arg>
<doc>Returns the given values which can then be assigned to a variables.</doc>
<status status="NOT RUN" starttime="20220828 17:23:10.260" endtime="20220828 17:23:10.260"/>
</kw>
<status status="NOT RUN" starttime="20220828 17:23:10.260" endtime="20220828 17:23:10.260"/>
</branch>
<status status="PASS" starttime="20220828 17:23:10.259" endtime="20220828 17:23:10.260"/>
</if>
<status status="PASS" starttime="20220828 17:23:10.259" endtime="20220828 17:23:10.260"/>
</iter>
<iter>
<var name="${indx}">24</var>
<var name="${ins}">ASTRON COLLEGE OF MEDICAL SCIENCE</var>
<if>
<branch type="IF" condition="'${ins}'==${institute}">
<kw name="Set Variable" library="BuiltIn">
<var>${instituteIndx}</var>
<arg>${indx}</arg>
<doc>Returns the given values which can then be assigned to a variables.</doc>
<status status="NOT RUN" starttime="20220828 17:23:10.260" endtime="20220828 17:23:10.261"/>
</kw>
<status status="NOT RUN" starttime="20220828 17:23:10.260" endtime="20220828 17:23:10.261"/>
</branch>
<status status="PASS" starttime="20220828 17:23:10.260" endtime="20220828 17:23:10.261"/>
</if>
<status status="PASS" starttime="20220828 17:23:10.260" endtime="20220828 17:23:10.261"/>
</iter>
<iter>
<var name="${indx}">25</var>
<var name="${ins}">ATLANTIS COLLEGE OF EDUCATION</var>
<if>
<branch type="IF" condition="'${ins}'==${institute}">
<kw name="Set Variable" library="BuiltIn">
<var>${instituteIndx}</var>
<arg>${indx}</arg>
<doc>Returns the given values which can then be assigned to a variables.</doc>
<status status="NOT RUN" starttime="20220828 17:23:10.261" endtime="20220828 17:23:10.261"/>
</kw>
<status status="NOT RUN" starttime="20220828 17:23:10.261" endtime="20220828 17:23:10.261"/>
</branch>
<status status="PASS" starttime="20220828 17:23:10.261" endtime="20220828 17:23:10.261"/>
</if>
<status status="PASS" starttime="20220828 17:23:10.261" endtime="20220828 17:23:10.261"/>
</iter>
<iter>
<var name="${indx}">26</var>
<var name="${ins}">ATLANTIS PRIVATE ITI</var>
<if>
<branch type="IF" condition="'${ins}'==${institute}">
<kw name="Set Variable" library="BuiltIn">
<var>${instituteIndx}</var>
<arg>${indx}</arg>
<doc>Returns the given values which can then be assigned to a variables.</doc>
<status status="NOT RUN" starttime="20220828 17:23:10.262" endtime="20220828 17:23:10.262"/>
</kw>
<status status="NOT RUN" starttime="20220828 17:23:10.262" endtime="20220828 17:23:10.262"/>
</branch>
<status status="PASS" starttime="20220828 17:23:10.262" endtime="20220828 17:23:10.262"/>
</if>
<status status="PASS" starttime="20220828 17:23:10.261" endtime="20220828 17:23:10.262"/>
</iter>
<iter>
<var name="${indx}">27</var>
<var name="${ins}">AVIRAJ COLLEGE OF EDUCATION AND TECHNOLOGY PHALAUDA MEERUT</var>
<if>
<branch type="IF" condition="'${ins}'==${institute}">
<kw name="Set Variable" library="BuiltIn">
<var>${instituteIndx}</var>
<arg>${indx}</arg>
<doc>Returns the given values which can then be assigned to a variables.</doc>
<status status="NOT RUN" starttime="20220828 17:23:10.263" endtime="20220828 17:23:10.263"/>
</kw>
<status status="NOT RUN" starttime="20220828 17:23:10.262" endtime="20220828 17:23:10.263"/>
</branch>
<status status="PASS" starttime="20220828 17:23:10.262" endtime="20220828 17:23:10.263"/>
</if>
<status status="PASS" starttime="20220828 17:23:10.262" endtime="20220828 17:23:10.263"/>
</iter>
<iter>
<var name="${indx}">28</var>
<var name="${ins}">AYUSHI COLLEGE OF PHARMACY DASHRATHPUR SAKOTI TANDA DISTT MEERUT UP</var>
<if>
<branch type="IF" condition="'${ins}'==${institute}">
<kw name="Set Variable" library="BuiltIn">
<var>${instituteIndx}</var>
<arg>${indx}</arg>
<doc>Returns the given values which can then be assigned to a variables.</doc>
<status status="NOT RUN" starttime="20220828 17:23:10.263" endtime="20220828 17:23:10.263"/>
</kw>
<status status="NOT RUN" starttime="20220828 17:23:10.263" endtime="20220828 17:23:10.263"/>
</branch>
<status status="PASS" starttime="20220828 17:23:10.263" endtime="20220828 17:23:10.263"/>
</if>
<status status="PASS" starttime="20220828 17:23:10.263" endtime="20220828 17:23:10.263"/>
</iter>
<iter>
<var name="${indx}">29</var>
<var name="${ins}">B.D.S. GURUKUL OF EDUCATON JAGRATI VIHAR, GARH ROAD, MEERUT</var>
<if>
<branch type="IF" condition="'${ins}'==${institute}">
<kw name="Set Variable" library="BuiltIn">
<var>${instituteIndx}</var>
<arg>${indx}</arg>
<doc>Returns the given values which can then be assigned to a variables.</doc>
<status status="NOT RUN" starttime="20220828 17:23:10.264" endtime="20220828 17:23:10.264"/>
</kw>
<status status="NOT RUN" starttime="20220828 17:23:10.264" endtime="20220828 17:23:10.264"/>
</branch>
[...]
<status status="PASS" starttime="20220828 17:23:10.599" endtime="20220828 17:23:10.599"/>
</iter>
<iter>
<var name="${indx}">463</var>
<var name="${ins}">VIDYA SCHOOL OF BUSINESS , MEERUT 250005 (NCR) U.P. </var>
<if>
<branch type="IF" condition="'${ins}'==${institute}">
<kw name="Set Variable" library="BuiltIn">
<var>${instituteIndx}</var>
<arg>${indx}</arg>
<doc>Returns the given values which can then be assigned to a variables.</doc>
<status status="NOT RUN" starttime="20220828 17:23:10.600" endtime="20220828 17:23:10.600"/>
</kw>
<status status="NOT RUN" starttime="20220828 17:23:10.600" endtime="20220828 17:23:10.600"/>
</branch>
<status status="PASS" starttime="20220828 17:23:10.599" endtime="20220828 17:23:10.600"/>
</if>
<status status="PASS" starttime="20220828 17:23:10.599" endtime="20220828 17:23:10.600"/>
</iter>
<iter>
<var name="${indx}">464</var>
<var name="${ins}">VIDYOTTMA KANYA MAHAVIDYALAY, CHINDODO ROAD LAWAD</var>
<if>
<branch type="IF" condition="'${ins}'==${institute}">
<kw name="Set Variable" library="BuiltIn">
<var>${instituteIndx}</var>
<arg>${indx}</arg>
<doc>Returns the given values which can then be assigned to a variables.</doc>
<status status="NOT RUN" starttime="20220828 17:23:10.601" endtime="20220828 17:23:10.601"/>
</kw>
<status status="NOT RUN" starttime="20220828 17:23:10.600" endtime="20220828 17:23:10.601"/>
</branch>
<status status="PASS" starttime="20220828 17:23:10.600" endtime="20220828 17:23:10.601"/>
</if>
<status status="PASS" starttime="20220828 17:23:10.600" endtime="20220828 17:23:10.601"/>
</iter>
<iter>
<var name="${indx}">465</var>
<var name="${ins}">VIMLA DEVI COLLEGE OF EDUCATION</var>
<if>
<branch type="IF" condition="'${ins}'==${institute}">
<kw name="Set Variable" library="BuiltIn">
<var>${instituteIndx}</var>
<arg>${indx}</arg>
<doc>Returns the given values which can then be assigned to a variables.</doc>
<status status="NOT RUN" starttime="20220828 17:23:10.601" endtime="20220828 17:23:10.601"/>
</kw>
<status status="NOT RUN" starttime="20220828 17:23:10.601" endtime="20220828 17:23:10.601"/>
</branch>
<status status="PASS" starttime="20220828 17:23:10.601" endtime="20220828 17:23:10.601"/>
</if>
<status status="PASS" starttime="20220828 17:23:10.601" endtime="20220828 17:23:10.601"/>
</iter>
<iter>
<var name="${indx}">466</var>
<var name="${ins}">VINAYAK VIDYAPEETH, MEERUT </var>
<if>
<branch type="IF" condition="'${ins}'==${institute}">
<kw name="Set Variable" library="BuiltIn">
<var>${instituteIndx}</var>
<arg>${indx}</arg>
<doc>Returns the given values which can then be assigned to a variables.</doc>
<status status="NOT RUN" starttime="20220828 17:23:10.602" endtime="20220828 17:23:10.602"/>
</kw>
<status status="NOT RUN" starttime="20220828 17:23:10.602" endtime="20220828 17:23:10.602"/>
</branch>
<status status="PASS" starttime="20220828 17:23:10.602" endtime="20220828 17:23:10.602"/>
</if>
<status status="PASS" starttime="20220828 17:23:10.602" endtime="20220828 17:23:10.602"/>
</iter>
<iter>
<var name="${indx}">467</var>
<var name="${ins}">VISHWESHRAIYA COLLEGE OF EDUCATION, MEGHRAJPUR ,GARH ROAD,MEERUT </var>
<if>
<branch type="IF" condition="'${ins}'==${institute}">
<kw name="Set Variable" library="BuiltIn">
<var>${instituteIndx}</var>
<arg>${indx}</arg>
<doc>Returns the given values which can then be assigned to a variables.</doc>
<status status="NOT RUN" starttime="20220828 17:23:10.603" endtime="20220828 17:23:10.603"/>
</kw>
<status status="NOT RUN" starttime="20220828 17:23:10.602" endtime="20220828 17:23:10.603"/>
</branch>
<status status="PASS" starttime="20220828 17:23:10.602" endtime="20220828 17:23:10.603"/>
</if>
<status status="PASS" starttime="20220828 17:23:10.602" endtime="20220828 17:23:10.603"/>
</iter>
<iter>
<var name="${indx}">468</var>
<var name="${ins}">VIT COLLEGE OF EDUCATION JATOLI MEERUT</var>
<if>
<branch type="IF" condition="'${ins}'==${institute}">
<kw name="Set Variable" library="BuiltIn">
<var>${instituteIndx}</var>
<arg>${indx}</arg>
<doc>Returns the given values which can then be assigned to a variables.</doc>
<status status="NOT RUN" starttime="20220828 17:23:10.603" endtime="20220828 17:23:10.603"/>
</kw>
<status status="NOT RUN" starttime="20220828 17:23:10.603" endtime="20220828 17:23:10.603"/>
</branch>
<status status="PASS" starttime="20220828 17:23:10.603" endtime="20220828 17:23:10.603"/>
</if>
<status status="PASS" starttime="20220828 17:23:10.603" endtime="20220828 17:23:10.603"/>
</iter>
<iter>
<var name="${indx}">469</var>
<var name="${ins}">VIT COLLEGE OF PHARMACY</var>
<if>
<branch type="IF" condition="'${ins}'==${institute}">
<kw name="Set Variable" library="BuiltIn">
<var>${instituteIndx}</var>
<arg>${indx}</arg>
<doc>Returns the given values which can then be assigned to a variables.</doc>
<status status="NOT RUN" starttime="20220828 17:23:10.604" endtime="20220828 17:23:10.604"/>
</kw>
<status status="NOT RUN" starttime="20220828 17:23:10.604" endtime="20220828 17:23:10.604"/>
</branch>
<status status="PASS" starttime="20220828 17:23:10.604" endtime="20220828 17:23:10.604"/>
</if>
<status status="PASS" starttime="20220828 17:23:10.604" endtime="20220828 17:23:10.604"/>
</iter>
<iter>
<var name="${indx}">470</var>
<var name="${ins}">VIT SCHOOL OF MANAGEMENT JATOLI MEERUT</var>
<if>
<branch type="IF" condition="'${ins}'==${institute}">
<kw name="Set Variable" library="BuiltIn">
<var>${instituteIndx}</var>
<arg>${indx}</arg>
<doc>Returns the given values which can then be assigned to a variables.</doc>
<status status="NOT RUN" starttime="20220828 17:23:10.605" endtime="20220828 17:23:10.605"/>
</kw>
<status status="NOT RUN" starttime="20220828 17:23:10.605" endtime="20220828 17:23:10.605"/>
</branch>
<status status="PASS" starttime="20220828 17:23:10.604" endtime="20220828 17:23:10.605"/>
</if>
<status status="PASS" starttime="20220828 17:23:10.604" endtime="20220828 17:23:10.605"/>
</iter>
<iter>
<var name="${indx}">471</var>
<var name="${ins}">WALTECH COLLEGE OF BTC TRAINING, ULDEYPUR, RAJPURA, MEERUT</var>
<if>
<branch type="IF" condition="'${ins}'==${institute}">
<kw name="Set Variable" library="BuiltIn">
<var>${instituteIndx}</var>
<arg>${indx}</arg>
<doc>Returns the given values which can then be assigned to a variables.</doc>
<status status="NOT RUN" starttime="20220828 17:23:10.606" endtime="20220828 17:23:10.606"/>
</kw>
<status status="NOT RUN" starttime="20220828 17:23:10.606" endtime="20220828 17:23:10.607"/>
</branch>
<status status="PASS" starttime="20220828 17:23:10.606" endtime="20220828 17:23:10.607"/>
</if>
<status status="PASS" starttime="20220828 17:23:10.606" endtime="20220828 17:23:10.607"/>
</iter>
<iter>
<var name="${indx}">472</var>
<var name="${ins}">WALTECH COLLEGE OF EDUCATION</var>
<if>
<branch type="IF" condition="'${ins}'==${institute}">
<kw name="Set Variable" library="BuiltIn">
<var>${instituteIndx}</var>
<arg>${indx}</arg>
<doc>Returns the given values which can then be assigned to a variables.</doc>
<status status="NOT RUN" starttime="20220828 17:23:10.607" endtime="20220828 17:23:10.607"/>
</kw>
<status status="NOT RUN" starttime="20220828 17:23:10.607" endtime="20220828 17:23:10.607"/>
</branch>
<status status="PASS" starttime="20220828 17:23:10.607" endtime="20220828 17:23:10.607"/>
</if>
<status status="PASS" starttime="20220828 17:23:10.607" endtime="20220828 17:23:10.607"/>
</iter>
<iter>
<var name="${indx}">473</var>
<var name="${ins}">Y I M T IKRI SARDHANA MEERUT</var>
<if>
<branch type="IF" condition="'${ins}'==${institute}">
<kw name="Set Variable" library="BuiltIn">
<var>${instituteIndx}</var>
<arg>${indx}</arg>
<doc>Returns the given values which can then be assigned to a variables.</doc>
<status status="NOT RUN" starttime="20220828 17:23:10.608" endtime="20220828 17:23:10.608"/>
</kw>
<status status="NOT RUN" starttime="20220828 17:23:10.608" endtime="20220828 17:23:10.608"/>
</branch>
<status status="PASS" starttime="20220828 17:23:10.608" endtime="20220828 17:23:10.608"/>
</if>
<status status="PASS" starttime="20220828 17:23:10.607" endtime="20220828 17:23:10.608"/>
</iter>
<iter>
<var name="${indx}">474</var>
<var name="${ins}">Y.S.L. COLLEGE OF EDU. KANKAR KHERA MEERUT</var>
<if>
<branch type="IF" condition="'${ins}'==${institute}">
<kw name="Set Variable" library="BuiltIn">
<var>${instituteIndx}</var>
<arg>${indx}</arg>
<doc>Returns the given values which can then be assigned to a variables.</doc>
<status status="NOT RUN" starttime="20220828 17:23:10.608" endtime="20220828 17:23:10.609"/>
</kw>
<status status="NOT RUN" starttime="20220828 17:23:10.608" endtime="20220828 17:23:10.609"/>
</branch>
<status status="PASS" starttime="20220828 17:23:10.608" endtime="20220828 17:23:10.609"/>
</if>
<status status="PASS" starttime="20220828 17:23:10.608" endtime="20220828 17:23:10.609"/>
</iter>
<iter>
<var name="${indx}">475</var>
<var name="${ins}">YASH DEGREE COLLEGE</var>
<if>
<branch type="IF" condition="'${ins}'==${institute}">
<kw name="Set Variable" library="BuiltIn">
<var>${instituteIndx}</var>
<arg>${indx}</arg>
<doc>Returns the given values which can then be assigned to a variables.</doc>
<status status="NOT RUN" starttime="20220828 17:23:10.609" endtime="20220828 17:23:10.609"/>
</kw>
<status status="NOT RUN" starttime="20220828 17:23:10.609" endtime="20220828 17:23:10.609"/>
</branch>
<status status="PASS" starttime="20220828 17:23:10.609" endtime="20220828 17:23:10.609"/>
</if>
<status status="PASS" starttime="20220828 17:23:10.609" endtime="20220828 17:23:10.609"/>
</iter>
<iter>
<var name="${indx}">476</var>
<var name="${ins}">ZAKIR HUSSAIN COLLEGE OF HIGHER EDUCATION MULHERA SARDHANA MEERUT</var>
<if>
<branch type="IF" condition="'${ins}'==${institute}">
<kw name="Set Variable" library="BuiltIn">
<var>${instituteIndx}</var>
<arg>${indx}</arg>
<doc>Returns the given values which can then be assigned to a variables.</doc>
<status status="NOT RUN" starttime="20220828 17:23:10.610" endtime="20220828 17:23:10.610"/>
</kw>
<status status="NOT RUN" starttime="20220828 17:23:10.610" endtime="20220828 17:23:10.610"/>
</branch>
<status status="PASS" starttime="20220828 17:23:10.610" endtime="20220828 17:23:10.610"/>
</if>
<status status="PASS" starttime="20220828 17:23:10.609" endtime="20220828 17:23:10.610"/>
</iter>
<status status="PASS" starttime="20220828 17:23:10.242" endtime="20220828 17:23:10.610"/>
</for>
<kw name="Drop Down" library="QWeb">
<arg>शिक्षण संस्थान</arg>
<arg>[[${instituteIndx}]]</arg>
<arg>index=2</arg>
<tag>Dropdown</tag>
<tag>Interaction</tag>
<doc>Select an option from dropdown menu/list.</doc>
<status status="PASS" starttime="20220828 17:23:10.611" endtime="20220828 17:23:13.741"/>
</kw>
<kw name="Reset Config" library="QWeb">
<tag>Config</tag>
<doc>Reset the value of given parameter to default value.</doc>
<status status="PASS" starttime="20220828 17:23:13.742" endtime="20220828 17:23:13.743"/>
</kw>
<kw name="Get Drop Down Values" library="QWeb">
<var>${casteOpt}</var>
<arg>वर्ग / जाति समूह</arg>
<arg>element_type=dropdown</arg>
<tag>Dropdown</tag>
<tag>Getters</tag>
<doc>Return all options from a dropdown menu/list.</doc>
<msg timestamp="20220828 17:23:14.051" level="INFO">${casteOpt} = ['SELECT', 'अनुसूचित जाति', 'अनुसूचित जनजाति', 'सामान्य वर्ग']</msg>
<status status="PASS" starttime="20220828 17:23:13.743" endtime="20220828 17:23:14.052"/>
</kw>
<for flavor="IN ENUMERATE">
<var>${indx}</var>
<var>${tempCaste}</var>
<value>@{casteOpt}</value>
<iter>
<var name="${indx}">0</var>
<var name="${tempCaste}">SELECT</var>
<if>
<branch type="IF" condition="&quot;${tempCaste}&quot;==&quot;${caste}&quot;">
<kw name="Set Variable" library="BuiltIn">
<var>${casteIndx}</var>
<arg>${indx}</arg>
<doc>Returns the given values which can then be assigned to a variables.</doc>
<status status="NOT RUN" starttime="20220828 17:23:14.053" endtime="20220828 17:23:14.053"/>
</kw>
<status status="NOT RUN" starttime="20220828 17:23:14.053" endtime="20220828 17:23:14.053"/>
</branch>
<status status="PASS" starttime="20220828 17:23:14.053" endtime="20220828 17:23:14.053"/>
</if>
<status status="PASS" starttime="20220828 17:23:14.052" endtime="20220828 17:23:14.053"/>
</iter>
<iter>
<var name="${indx}">1</var>
<var name="${tempCaste}">अनुसूचित जाति</var>
<if>
<branch type="IF" condition="&quot;${tempCaste}&quot;==&quot;${caste}&quot;">
<kw name="Set Variable" library="BuiltIn">
<var>${casteIndx}</var>
<arg>${indx}</arg>
<doc>Returns the given values which can then be assigned to a variables.</doc>
<status status="NOT RUN" starttime="20220828 17:23:14.054" endtime="20220828 17:23:14.054"/>
</kw>
<status status="NOT RUN" starttime="20220828 17:23:14.054" endtime="20220828 17:23:14.054"/>
</branch>
<status status="PASS" starttime="20220828 17:23:14.053" endtime="20220828 17:23:14.054"/>
</if>
<status status="PASS" starttime="20220828 17:23:14.053" endtime="20220828 17:23:14.054"/>
</iter>
<iter>
<var name="${indx}">2</var>
<var name="${tempCaste}">अनुसूचित जनजाति</var>
<if>
<branch type="IF" condition="&quot;${tempCaste}&quot;==&quot;${caste}&quot;">
<kw name="Set Variable" library="BuiltIn">
<var>${casteIndx}</var>
<arg>${indx}</arg>
<doc>Returns the given values which can then be assigned to a variables.</doc>
<status status="NOT RUN" starttime="20220828 17:23:14.055" endtime="20220828 17:23:14.055"/>
</kw>
<status status="NOT RUN" starttime="20220828 17:23:14.054" endtime="20220828 17:23:14.055"/>
</branch>
<status status="PASS" starttime="20220828 17:23:14.054" endtime="20220828 17:23:14.055"/>
</if>
<status status="PASS" starttime="20220828 17:23:14.054" endtime="20220828 17:23:14.055"/>
</iter>
<iter>
<var name="${indx}">3</var>
<var name="${tempCaste}">सामान्य वर्ग</var>
<if>
<branch type="IF" condition="&quot;${tempCaste}&quot;==&quot;${caste}&quot;">
<kw name="Set Variable" library="BuiltIn">
<var>${casteIndx}</var>
<arg>${indx}</arg>
<doc>Returns the given values which can then be assigned to a variables.</doc>
<msg timestamp="20220828 17:23:14.056" level="INFO">${casteIndx} = 3</msg>
<status status="PASS" starttime="20220828 17:23:14.056" endtime="20220828 17:23:14.056"/>
</kw>
<status status="PASS" starttime="20220828 17:23:14.055" endtime="20220828 17:23:14.056"/>
</branch>
<status status="PASS" starttime="20220828 17:23:14.055" endtime="20220828 17:23:14.056"/>
</if>
<status status="PASS" starttime="20220828 17:23:14.055" endtime="20220828 17:23:14.056"/>
</iter>
<status status="PASS" starttime="20220828 17:23:14.052" endtime="20220828 17:23:14.056"/>
</for>
<kw name="Drop Down" library="QWeb">
<arg>वर्ग / जाति समूह</arg>
<arg>[[${casteIndx}]]</arg>
<tag>Dropdown</tag>
<tag>Interaction</tag>
<doc>Select an option from dropdown menu/list.</doc>
<status status="PASS" starttime="20220828 17:23:14.057" endtime="20220828 17:23:14.346"/>
</kw>
<kw name="Set Config" library="QWeb">
<arg>SearchDirection</arg>
<arg>right</arg>
<tag>Config</tag>
<doc>Set configuration parameter to given value. Return previous value.</doc>
<status status="PASS" starttime="20220828 17:23:14.347" endtime="20220828 17:23:14.348"/>
</kw>
<kw name="Get Drop Down Values" library="QWeb">
<var>${religionOpt}</var>
<arg>धर्म</arg>
<arg>element_type=dropdown</arg>
<arg>index=2</arg>
<tag>Dropdown</tag>
<tag>Getters</tag>
<doc>Return all options from a dropdown menu/list.</doc>
<msg timestamp="20220828 17:23:15.106" level="INFO">${religionOpt} = ['SELECT', 'HINDU']</msg>
<status status="PASS" starttime="20220828 17:23:14.348" endtime="20220828 17:23:15.107"/>
</kw>
<for flavor="IN ENUMERATE">
<var>${indx}</var>
<var>${tempReligion}</var>
<value>@{religionOpt}</value>
<iter>
<var name="${indx}">0</var>
<var name="${tempReligion}">SELECT</var>
<if>
<branch type="IF" condition="&quot;${tempReligion}&quot;==&quot;${religion}&quot;">
<kw name="Set Variable" library="BuiltIn">
<var>${religionIndx}</var>
<arg>${indx}</arg>
<doc>Returns the given values which can then be assigned to a variables.</doc>
<status status="NOT RUN" starttime="20220828 17:23:15.109" endtime="20220828 17:23:15.109"/>
</kw>
<status status="NOT RUN" starttime="20220828 17:23:15.108" endtime="20220828 17:23:15.109"/>
</branch>
<status status="PASS" starttime="20220828 17:23:15.108" endtime="20220828 17:23:15.109"/>
</if>
<status status="PASS" starttime="20220828 17:23:15.108" endtime="20220828 17:23:15.109"/>
</iter>
<iter>
<var name="${indx}">1</var>
<var name="${tempReligion}">HINDU</var>
<if>
<branch type="IF" condition="&quot;${tempReligion}&quot;==&quot;${religion}&quot;">
<kw name="Set Variable" library="BuiltIn">
<var>${religionIndx}</var>
<arg>${indx}</arg>
<doc>Returns the given values which can then be assigned to a variables.</doc>
<msg timestamp="20220828 17:23:15.110" level="INFO">${religionIndx} = 1</msg>
<status status="PASS" starttime="20220828 17:23:15.109" endtime="20220828 17:23:15.110"/>
</kw>
<status status="PASS" starttime="20220828 17:23:15.109" endtime="20220828 17:23:15.110"/>
</branch>
<status status="PASS" starttime="20220828 17:23:15.109" endtime="20220828 17:23:15.110"/>
</if>
<status status="PASS" starttime="20220828 17:23:15.109" endtime="20220828 17:23:15.110"/>
</iter>
<status status="PASS" starttime="20220828 17:23:15.108" endtime="20220828 17:23:15.110"/>
</for>
<kw name="Drop Down" library="QWeb">
<arg>धर्म</arg>
<arg>[[${religionIndx}]]</arg>
<arg>index=2</arg>
<tag>Dropdown</tag>
<tag>Interaction</tag>
<doc>Select an option from dropdown menu/list.</doc>
<status status="PASS" starttime="20220828 17:23:15.110" endtime="20220828 17:23:15.377"/>
</kw>
<kw name="Reset Config" library="QWeb">
<tag>Config</tag>
<doc>Reset the value of given parameter to default value.</doc>
<status status="PASS" starttime="20220828 17:23:15.378" endtime="20220828 17:23:15.379"/>
</kw>
<kw name="Type Text" library="QWeb">
<arg>छात्र / छात्रा का नाम</arg>
<arg>${studentName}</arg>
<tag>Input</tag>
<tag>Interaction</tag>
<doc>Type given text to a text field.</doc>
<status status="PASS" starttime="20220828 17:23:15.379" endtime="20220828 17:23:15.796"/>
</kw>
<kw name="Set Config" library="QWeb">
<arg>SearchDirection</arg>
<arg>right</arg>
<tag>Config</tag>
<doc>Set configuration parameter to given value. Return previous value.</doc>
<status status="PASS" starttime="20220828 17:23:15.797" endtime="20220828 17:23:15.797"/>
</kw>
<kw name="Type Text" library="QWeb">
<arg>पिता का नाम</arg>
<arg>${fatherName}</arg>
<arg>index=2</arg>
<tag>Input</tag>
<tag>Interaction</tag>
<doc>Type given text to a text field.</doc>
<kw name="Log Screenshot" library="QWeb">
<tag>Logging</tag>
<doc>Log screenshot to Robot Framework log.</doc>
<msg timestamp="20220828 17:23:16.222" level="INFO">Saved screenshot to C:\Users\Administrator\Desktop\cibermen-test\form-automation\screenshots\screenshot-Basic_interaction-d4c928da-8e68-47de-add9-54923ad743a7.png</msg>
<msg timestamp="20220828 17:23:16.227" level="INFO">Current url is: https://scholarship.up.gov.in/RegistrationFormInstitute.aspx?C=Mg%3d%3d</msg>
<msg timestamp="20220828 17:23:16.227" level="INFO" html="true">&lt;a href="screenshots/screenshot-Basic_interaction-d4c928da-8e68-47de-add9-54923ad743a7.png"&gt;&lt;img src="screenshots/screenshot-Basic_interaction-d4c928da-8e68-47de-add9-54923ad743a7.png" width="800px"&gt;&lt;/a&gt;</msg>
<status status="PASS" starttime="20220828 17:23:15.991" endtime="20220828 17:23:16.227"/>
</kw>
<msg timestamp="20220828 17:23:16.230" level="FAIL">IndexError: list index out of range</msg>
<status status="FAIL" starttime="20220828 17:23:15.798" endtime="20220828 17:23:16.231"/>
</kw>
<status status="FAIL" starttime="20220828 17:22:54.198" endtime="20220828 17:23:16.232">IndexError: list index out of range</status>
</test>
<status status="FAIL" starttime="20220828 17:22:52.206" endtime="20220828 17:23:16.234"/>
</suite>
<statistics>
<total>
<stat pass="0" fail="1" skip="0">All Tests</stat>
</total>
<tag>
</tag>
<suite>
<stat pass="0" fail="1" skip="0" id="s1" name="Test">Test</stat>
</suite>
</statistics>
<errors>
</errors>
</robot>
